<?xml version="1.0" encoding="utf-8" standalone="no"?>
<!-- *
 * Copyright 2021 ThoughtWorks, Inc.
 *
 * Licensed under the Apache License, Version 2.0 (the "License");
 * you may not use this file except in compliance with the License.
 * You may obtain a copy of the License at
 *
 *    http://www.apache.org/licenses/LICENSE-2.0
 *
 * Unless required by applicable law or agreed to in writing, software
 * distributed under the License is distributed on an "AS IS" BASIS,
 * WITHOUT WARRANTIES OR CONDITIONS OF ANY KIND, either express or implied.
 * See the License for the specific language governing permissions and
 * limitations under the License.
 * -->

<!--This file represents the results of running a test suite-->
<test-results name="C:\Go\Agent\pipelines\foundation\src\MediaPlanningTool.Full.Tests.Unit\bin\Debug\MediaPlanningTool.Full.Tests.Unit.dll" total="18" failures="0" not-run="0" date="2010-08-31" time="03:07:23">
  <environment nunit-version="2.2.8.0" clr-version="2.0.50727.3603" os-version="Microsoft Windows NT 6.0.6001 Service Pack 1" platform="Win32NT" cwd="C:\Go\Agent\pipelines\foundation" machine-name="LON-DEV62" user="LONgrm.CostBenchmark" user-domain="AD" />
  <culture-info current-culture="en-US" current-uiculture="en-US" />
  <test-suite name="C:\Go\Agent\pipelines\foundation\src\MediaPlanningTool.Full.Tests.Unit\bin\Debug\MediaPlanningTool.Full.Tests.Unit.dll" success="True" time="1.570" asserts="0">
    <results>
      <test-suite name="MediaPlanningTool" success="True" time="1.569" asserts="0">
        <results>
          <test-suite name="MediaPlanningTool.Full" success="True" time="1.569" asserts="0">
            <results>
              <test-suite name="MediaPlanningTool.Full.Tests" success="True" time="1.569" asserts="0">
                <results>
                  <test-suite name="MediaPlanningTool.Full.Tests.Unit" success="True" time="1.568" asserts="0">
                    <results>
                      <test-suite name="MediaPlanningTool.Full.Tests.Unit.ConfigurationParserTest" success="True" time="0.194" asserts="0">
                        <results>
                          <test-case name="MediaPlanningTool.Full.Tests.Unit.ConfigurationParserTest.should_find_no_schedule_in_empty_section" executed="True" success="True" time="0.140" asserts="1" />
                          <test-case name="MediaPlanningTool.Full.Tests.Unit.ConfigurationParserTest.should_find_one_schedule_in_section_with_one_entry" executed="True" success="True" time="0.022" asserts="3" />
                          <test-case name="MediaPlanningTool.Full.Tests.Unit.ConfigurationParserTest.should_find_two_schedules_in_section_with_two_entries" executed="True" success="True" time="0.002" asserts="3" />
                          <test-case name="MediaPlanningTool.Full.Tests.Unit.ConfigurationParserTest.should_find_timeout_attribute" executed="True" success="True" time="0.001" asserts="1" />
                          <test-case name="MediaPlanningTool.Full.Tests.Unit.ConfigurationParserTest.timeout_attribute_should_default_to_120" executed="True" success="True" time="0.000" asserts="1" />
                          <test-case name="MediaPlanningTool.Full.Tests.Unit.ConfigurationParserTest.should_log_each_schedule_found" executed="True" success="True" time="0.014" asserts="3" />
                          <test-case name="MediaPlanningTool.Full.Tests.Unit.ConfigurationParserTest.should_log_error_message_and_throw_exception_when_config_file_has_bad_base_url" executed="True" success="True" time="0.007" asserts="2" />
                          <test-case name="MediaPlanningTool.Full.Tests.Unit.ConfigurationParserTest.should_log_error_message_and_throw_exception_when_config_file_has_no_base_url_element" executed="True" success="True" time="0.002" asserts="2" />
                          <test-case name="MediaPlanningTool.Full.Tests.Unit.ConfigurationParserTest.should_log_error_message_and_throw_exception_when_config_file_has_bad_schedule_period" executed="True" success="True" time="0.002" asserts="2" />
                        </results>
                      </test-suite>
                      <test-suite name="MediaPlanningTool.Full.Tests.Unit.SWFTools" success="True" time="1.371" asserts="0">
                        <results>
                          <test-case name="MediaPlanningTool.Full.Tests.Unit.SWFTools.Test_flash_file_dimensions" executed="True" success="True" time="0.480" asserts="3" />
                          <test-case name="MediaPlanningTool.Full.Tests.Unit.SWFTools.Test_flash_data_dimensions" executed="True" success="True" time="0.380" asserts="3" />
                          <test-case name="MediaPlanningTool.Full.Tests.Unit.SWFTools.Test_flash_data_with_clicktag" executed="True" success="True" time="0.009" asserts="1" />
                          <test-case name="MediaPlanningTool.Full.Tests.Unit.SWFTools.Test_flash_data_without_clicktag" executed="True" success="True" time="0.482" asserts="1" />
                          <test-case name="MediaPlanningTool.Full.Tests.Unit.SWFTools.should_get_clickTag_name_from_flash_file" executed="True" success="True" time="0.016" asserts="1" />
                          <test-case name="MediaPlanningTool.Full.Tests.Unit.SWFTools.Test_flash_file_is_jpg" executed="True" success="True" time="0.001" asserts="1" />
                          <test-case name="MediaPlanningTool.Full.Tests.Unit.SWFTools.Test_flash_data_is_jpg" executed="True" success="True" time="0.000" asserts="1" />
                          <test-case name="MediaPlanningTool.Full.Tests.Unit.SWFTools.Invalid_flash_file" executed="True" success="True" time="0.001" asserts="1" />
                          <test-case name="MediaPlanningTool.Full.Tests.Unit.SWFTools.Invalid_flash_data" executed="True" success="True" time="0.001" asserts="1" />
                        </results>
                      </test-suite>
                    </results>
                  </test-suite>
                </results>
              </test-suite>
            </results>
          </test-suite>
        </results>
      </test-suite>
    </results>
  </test-suite>
</test-results>
