<?xml version="1.0" encoding="utf-8" standalone="no"?>
<!-- *
 * Copyright 2021 ThoughtWorks, Inc.
 *
 * Licensed under the Apache License, Version 2.0 (the "License");
 * you may not use this file except in compliance with the License.
 * You may obtain a copy of the License at
 *
 *    http://www.apache.org/licenses/LICENSE-2.0
 *
 * Unless required by applicable law or agreed to in writing, software
 * distributed under the License is distributed on an "AS IS" BASIS,
 * WITHOUT WARRANTIES OR CONDITIONS OF ANY KIND, either express or implied.
 * See the License for the specific language governing permissions and
 * limitations under the License.
 * -->

<!--This file represents the results of running a test suite-->
<test-results name="E:\evolve\branches\release2a\src\Test\bin\Release\Macquarie.Evolve.Unit.Test.dll" total="2347" failures="0" not-run="76" date="2008-02-27" time="05:37:47">
  <environment nunit-version="2.2.8.0" clr-version="2.0.50727.1433" os-version="Microsoft Windows NT 5.2.3790 Service Pack 2" platform="Win32NT" cwd="E:\evolve\branches\release2a\src" machine-name="EVOLVE-PAIR-7" user="Administrator" user-domain="EVOLVE-PAIR-7" />
  <culture-info current-culture="en-US" current-uiculture="en-US" />
  <test-suite name="E:\evolve\branches\release2a\src\Test\bin\Release\Macquarie.Evolve.Unit.Test.dll" success="True" time="107.000" asserts="0">
    <results>
      <test-suite name="E:\evolve\branches\release2a\src\Test\bin\Release\Macquarie.Evolve.Unit.Test.dll" success="True" time="106.750" asserts="0">
        <results>
          <test-suite name="Macquarie" success="True" time="106.516" asserts="0">
            <results>
              <test-suite name="Macquarie.Evolve" success="True" time="106.250" asserts="0">
                <results>
                  <test-suite name="Macquarie.Evolve.Shared" success="True" time="0.063" asserts="0">
                    <results>
                      <test-suite name="Macquarie.Evolve.Shared.Data" success="True" time="0.063" asserts="0">
                        <results>
                          <test-suite name="Macquarie.Evolve.Shared.Data.KeywordsTest" success="True" time="0.063" asserts="0">
                            <results>
                              <test-case name="Macquarie.Evolve.Shared.Data.KeywordsTest.blank_text_should_not_be_keyword" executed="True" success="True" time="0.016" asserts="1" />
                              <test-case name="Macquarie.Evolve.Shared.Data.KeywordsTest.continous_text_should_be_keyword" executed="True" success="True" time="0.016" asserts="2" />
                              <test-case name="Macquarie.Evolve.Shared.Data.KeywordsTest.empty_text_should_not_be_keyword" executed="True" success="True" time="0.000" asserts="1" />
                              <test-case name="Macquarie.Evolve.Shared.Data.KeywordsTest.multiple_whitespace_should_not_introduce_new_keyword" executed="True" success="True" time="0.000" asserts="3" />
                              <test-case name="Macquarie.Evolve.Shared.Data.KeywordsTest.should_filter_out_1_redundant_keyword" executed="True" success="True" time="0.000" asserts="1" />
                              <test-case name="Macquarie.Evolve.Shared.Data.KeywordsTest.should_filter_out_2_redundant_keywords" executed="True" success="True" time="0.016" asserts="9" />
                              <test-case name="Macquarie.Evolve.Shared.Data.KeywordsTest.should_parse_apostrophies_correctly" executed="True" success="True" time="0.000" asserts="3" />
                              <test-case name="Macquarie.Evolve.Shared.Data.KeywordsTest.should_parse_backslash_correctly" executed="True" success="True" time="0.000" asserts="2" />
                              <test-case name="Macquarie.Evolve.Shared.Data.KeywordsTest.should_parse_hyphens_correctly" executed="True" success="True" time="0.000" asserts="2" />
                              <test-case name="Macquarie.Evolve.Shared.Data.KeywordsTest.single_whitespace_separated_texts_should_be_keywords" executed="True" success="True" time="0.000" asserts="3" />
                            </results>
                          </test-suite>
                        </results>
                      </test-suite>
                    </results>
                  </test-suite>
                  <test-suite name="Macquarie.Evolve.Test" success="True" time="105.938" asserts="0">
                    <results>
                      <test-suite name="Macquarie.Evolve.Test.Unit" success="True" time="105.922" asserts="0">
                        <results>
                          <test-suite name="Macquarie.Evolve.Test.Unit.AndLogicTest" success="True" time="0.000" asserts="0">
                            <results>
                              <test-case name="Macquarie.Evolve.Test.Unit.AndLogicTest.should_run_all_if_single_and" executed="True" success="True" time="0.000" asserts="4" />
                              <test-case name="Macquarie.Evolve.Test.Unit.AndLogicTest.should_run_first_if_double_and" executed="True" success="True" time="0.000" asserts="4" />
                            </results>
                          </test-suite>
                          <test-suite name="Macquarie.Evolve.Test.Unit.C2DConfigurer" success="True" time="0.297" asserts="0">
                            <results>
                              <test-suite name="Macquarie.Evolve.Test.Unit.C2DConfigurer.MainWindowPresenterTest" success="True" time="0.297" asserts="0">
                                <results>
                                  <test-case name="Macquarie.Evolve.Test.Unit.C2DConfigurer.MainWindowPresenterTest.should_set_configuration_after_save" executed="True" success="True" time="0.234" asserts="8" />
                                  <test-case name="Macquarie.Evolve.Test.Unit.C2DConfigurer.MainWindowPresenterTest.should_validate_password_length" executed="True" success="True" time="0.063" asserts="1" />
                                  <test-case name="Macquarie.Evolve.Test.Unit.C2DConfigurer.MainWindowPresenterTest.should_validate_server_address" executed="True" success="True" time="0.000" asserts="1" />
                                  <test-case name="Macquarie.Evolve.Test.Unit.C2DConfigurer.MainWindowPresenterTest.should_validate_server_port_for_empty" executed="True" success="True" time="0.000" asserts="1" />
                                  <test-case name="Macquarie.Evolve.Test.Unit.C2DConfigurer.MainWindowPresenterTest.should_validate_server_port_for_numbers" executed="True" success="True" time="0.000" asserts="1" />
                                  <test-case name="Macquarie.Evolve.Test.Unit.C2DConfigurer.MainWindowPresenterTest.should_validate_serverLoginId_for_empty" executed="True" success="True" time="0.000" asserts="1" />
                                  <test-case name="Macquarie.Evolve.Test.Unit.C2DConfigurer.MainWindowPresenterTest.should_validate_userLoginId_for_empty" executed="True" success="True" time="0.000" asserts="1" />
                                </results>
                              </test-suite>
                            </results>
                          </test-suite>
                          <test-suite name="Macquarie.Evolve.Test.Unit.ClickToDial" success="True" time="1.563" asserts="0">
                            <results>
                              <test-suite name="Macquarie.Evolve.Test.Unit.ClickToDial.CTDConnectorFactoryTest" success="True" time="0.078" asserts="0">
                                <results>
                                  <test-case name="Macquarie.Evolve.Test.Unit.ClickToDial.CTDConnectorFactoryTest.should_create_real_connector_if_ctd_is_configured" executed="True" success="True" time="0.063" asserts="1" />
                                </results>
                              </test-suite>
                              <test-suite name="Macquarie.Evolve.Test.Unit.ClickToDial.CTDServiceTest" success="True" time="0.109" asserts="0">
                                <results>
                                  <test-case name="Macquarie.Evolve.Test.Unit.ClickToDial.CTDServiceTest.should_become_unavailable_if_exception_during_dial" executed="True" success="True" time="0.063" asserts="4" />
                                  <test-case name="Macquarie.Evolve.Test.Unit.ClickToDial.CTDServiceTest.should_become_unavailable_if_exception_during_request_to_hang_up" executed="True" success="True" time="0.000" asserts="4" />
                                  <test-case name="Macquarie.Evolve.Test.Unit.ClickToDial.CTDServiceTest.should_create_hang_up_request_to_hang_up" executed="True" success="True" time="0.000" asserts="0" />
                                  <test-case name="Macquarie.Evolve.Test.Unit.ClickToDial.CTDServiceTest.should_create_make_call_request_to_dial" executed="True" success="True" time="0.000" asserts="0" />
                                  <test-case name="Macquarie.Evolve.Test.Unit.ClickToDial.CTDServiceTest.should_do_user_login_after_a_successful_application_login" executed="True" success="True" time="0.016" asserts="2" />
                                  <test-case name="Macquarie.Evolve.Test.Unit.ClickToDial.CTDServiceTest.should_logout_from_server_only_if_user_not_logged_in" executed="True" success="True" time="0.000" asserts="1" />
                                  <test-case name="Macquarie.Evolve.Test.Unit.ClickToDial.CTDServiceTest.should_logout_from_user_and_server_if_user_logged_in" executed="True" success="True" time="0.000" asserts="1" />
                                  <test-case name="Macquarie.Evolve.Test.Unit.ClickToDial.CTDServiceTest.should_not_raise_call_connecting_event_if_eventId_not_match" executed="True" success="True" time="0.016" asserts="1" />
                                  <test-case name="Macquarie.Evolve.Test.Unit.ClickToDial.CTDServiceTest.should_not_raise_call_connecting_event_if_participant_status_is_not_connecting" executed="True" success="True" time="0.000" asserts="1" />
                                  <test-case name="Macquarie.Evolve.Test.Unit.ClickToDial.CTDServiceTest.should_raise_call_cleared_event_after_receive_call_cleared_event_from_connector" executed="True" success="True" time="0.000" asserts="3" />
                                  <test-case name="Macquarie.Evolve.Test.Unit.ClickToDial.CTDServiceTest.should_raise_call_cleared_event_on_event_from_myriad" executed="True" success="True" time="0.000" asserts="2" />
                                  <test-case name="Macquarie.Evolve.Test.Unit.ClickToDial.CTDServiceTest.should_raise_call_connected_event_after_receive_connected_event_from_connector" executed="True" success="True" time="0.000" asserts="1" />
                                  <test-case name="Macquarie.Evolve.Test.Unit.ClickToDial.CTDServiceTest.should_raise_call_connecting_event_after_receive_connecting_event_for_default_user_from_connector_with_" executed="True" success="True" time="0.000" asserts="1" />
                                  <test-case name="Macquarie.Evolve.Test.Unit.ClickToDial.CTDServiceTest.should_raise_call_connecting_event_after_receive_connecting_event_from_connector" executed="True" success="True" time="0.000" asserts="1" />
                                  <test-case name="Macquarie.Evolve.Test.Unit.ClickToDial.CTDServiceTest.should_raise_call_failure_event_after_receive_failure_event_and_error_message_from_connector" executed="True" success="True" time="0.000" asserts="3" />
                                  <test-case name="Macquarie.Evolve.Test.Unit.ClickToDial.CTDServiceTest.should_return_false_when_login_is_failure" executed="True" success="True" time="0.016" asserts="2" />
                                  <test-case name="Macquarie.Evolve.Test.Unit.ClickToDial.CTDServiceTest.should_send_user_logon_if_server_logon_fails_as_already_logged_in" executed="True" success="True" time="0.000" asserts="2" />
                                  <test-case name="Macquarie.Evolve.Test.Unit.ClickToDial.CTDServiceTest.should_store_event_id_after_receive_call_initiated_response_from_connector" executed="True" success="True" time="0.000" asserts="2" />
                                  <test-case name="Macquarie.Evolve.Test.Unit.ClickToDial.CTDServiceTest.should_throw_return_false_when_login_request_is_timed_out" executed="True" success="True" time="0.000" asserts="1" />
                                </results>
                              </test-suite>
                              <test-suite name="Macquarie.Evolve.Test.Unit.ClickToDial.CTDXmlSerializerTest" success="True" time="0.922" asserts="0">
                                <results>
                                  <test-case name="Macquarie.Evolve.Test.Unit.ClickToDial.CTDXmlSerializerTest.should_deserialize_login_request" executed="True" success="True" time="0.641" asserts="3" />
                                  <test-case name="Macquarie.Evolve.Test.Unit.ClickToDial.CTDXmlSerializerTest.should_deserialize_login_response" executed="True" success="True" time="0.234" asserts="5" />
                                  <test-case name="Macquarie.Evolve.Test.Unit.ClickToDial.CTDXmlSerializerTest.should_serialize_login_request" executed="True" success="True" time="0.047" asserts="70" />
                                  <test-case name="Macquarie.Evolve.Test.Unit.ClickToDial.CTDXmlSerializerTest.should_serialize_make_call_request" executed="True" success="True" time="0.000" asserts="87" />
                                </results>
                              </test-suite>
                              <test-suite name="Macquarie.Evolve.Test.Unit.ClickToDial.SHA1Test" success="True" time="0.016" asserts="0">
                                <results>
                                  <test-case name="Macquarie.Evolve.Test.Unit.ClickToDial.SHA1Test.should_prefix_sha_to_hashed_password" executed="True" success="True" time="0.000" asserts="1" />
                                </results>
                              </test-suite>
                              <test-suite name="Macquarie.Evolve.Test.Unit.ClickToDial.SonicMQConnectorTest" success="True" time="0.359" asserts="0">
                                <results>
                                  <test-case name="Macquarie.Evolve.Test.Unit.ClickToDial.SonicMQConnectorTest.should_adjust_request_subject_based_on_reply_address" executed="True" success="True" time="0.313" asserts="0" />
                                  <test-case name="Macquarie.Evolve.Test.Unit.ClickToDial.SonicMQConnectorTest.should_handle_JMSException_gracefully_and_report_not_init" executed="True" success="True" time="0.000" asserts="1" />
                                  <test-case name="Macquarie.Evolve.Test.Unit.ClickToDial.SonicMQConnectorTest.should_initialize_connection" executed="True" success="True" time="0.000" asserts="1" />
                                  <test-case name="Macquarie.Evolve.Test.Unit.ClickToDial.SonicMQConnectorTest.should_raise_error_received_event_when_error_is_received" executed="True" success="True" time="0.016" asserts="6" />
                                  <test-case name="Macquarie.Evolve.Test.Unit.ClickToDial.SonicMQConnectorTest.should_raise_event_received_event_when_event_is_received" executed="True" success="True" time="0.000" asserts="21" />
                                  <test-case name="Macquarie.Evolve.Test.Unit.ClickToDial.SonicMQConnectorTest.should_raise_response_received_event_when_response_is_received" executed="True" success="True" time="0.000" asserts="6" />
                                  <test-case name="Macquarie.Evolve.Test.Unit.ClickToDial.SonicMQConnectorTest.should_respond_to_ping_request" executed="True" success="True" time="0.016" asserts="0" />
                                  <test-case name="Macquarie.Evolve.Test.Unit.ClickToDial.SonicMQConnectorTest.should_send_request_to_sonic_mq_server" executed="True" success="True" time="0.000" asserts="0" />
                                  <test-case name="Macquarie.Evolve.Test.Unit.ClickToDial.SonicMQConnectorTest.TrimNullTerminator_test" executed="True" success="True" time="0.016" asserts="1" />
                                </results>
                              </test-suite>
                              <test-suite name="Macquarie.Evolve.Test.Unit.ClickToDial.TelephoneTest" success="True" time="0.078" asserts="0">
                                <results>
                                  <test-case name="Macquarie.Evolve.Test.Unit.ClickToDial.TelephoneTest.CancelTimer_test" executed="True" success="True" time="0.063" asserts="0" />
                                  <test-case name="Macquarie.Evolve.Test.Unit.ClickToDial.TelephoneTest.Dial_test" executed="True" success="True" time="0.000" asserts="1" />
                                  <test-case name="Macquarie.Evolve.Test.Unit.ClickToDial.TelephoneTest.HandleTimeOut_test" executed="True" success="True" time="0.000" asserts="3" />
                                  <test-case name="Macquarie.Evolve.Test.Unit.ClickToDial.TelephoneTest.should_do_sha_hash_on_password" executed="True" success="True" time="0.000" asserts="0" />
                                  <test-case name="Macquarie.Evolve.Test.Unit.ClickToDial.TelephoneTest.should_hang_up" executed="True" success="True" time="0.000" asserts="0" />
                                  <test-case name="Macquarie.Evolve.Test.Unit.ClickToDial.TelephoneTest.should_logout_from_client_and_server" executed="True" success="True" time="0.016" asserts="1" />
                                  <test-case name="Macquarie.Evolve.Test.Unit.ClickToDial.TelephoneTest.should_report_cleared_status_using_event_after_receving_cleared_event_from_service" executed="True" success="True" time="0.000" asserts="2" />
                                  <test-case name="Macquarie.Evolve.Test.Unit.ClickToDial.TelephoneTest.should_report_connected_status_using_event_after_receving_connected_event_from_service" executed="True" success="True" time="0.000" asserts="2" />
                                  <test-case name="Macquarie.Evolve.Test.Unit.ClickToDial.TelephoneTest.should_report_connecting_status_using_event_after_receiving_connecting_event_from_service" executed="True" success="True" time="0.000" asserts="2" />
                                  <test-case name="Macquarie.Evolve.Test.Unit.ClickToDial.TelephoneTest.should_report_failure_status_using_event_after_receving_failure_event_from_service" executed="True" success="True" time="0.000" asserts="3" />
                                  <test-case name="Macquarie.Evolve.Test.Unit.ClickToDial.TelephoneTest.should_return_false_if_login_is_unsuccessful" executed="True" success="True" time="0.000" asserts="2" />
                                  <test-case name="Macquarie.Evolve.Test.Unit.ClickToDial.TelephoneTest.should_return_true_if_login_is_successful" executed="True" success="True" time="0.000" asserts="2" />
                                </results>
                              </test-suite>
                            </results>
                          </test-suite>
                          <test-suite name="Macquarie.Evolve.Test.Unit.Client" success="True" time="67.781" asserts="0">
                            <results>
                              <test-suite name="Macquarie.Evolve.Test.Unit.Client.CachingCommandExecutorTest" success="True" time="0.109" asserts="0">
                                <results>
                                  <test-case name="Macquarie.Evolve.Test.Unit.Client.CachingCommandExecutorTest.should__cache_on_repeted_calls" executed="True" success="True" time="0.063" asserts="0" />
                                  <test-case name="Macquarie.Evolve.Test.Unit.Client.CachingCommandExecutorTest.should__pass_through_to_the_executor_if_not_in_cache" executed="True" success="True" time="0.000" asserts="0" />
                                  <test-case name="Macquarie.Evolve.Test.Unit.Client.CachingCommandExecutorTest.should__pass_through_to_the_executor_when_command_is_not_cachable" executed="True" success="True" time="0.000" asserts="0" />
                                  <test-case name="Macquarie.Evolve.Test.Unit.Client.CachingCommandExecutorTest.should_cache_internal_response_of_batched_response" executed="True" success="True" time="0.016" asserts="4" />
                                  <test-case name="Macquarie.Evolve.Test.Unit.Client.CachingCommandExecutorTest.should_check_cachability_of_batched_commands" executed="True" success="True" time="0.000" asserts="1" />
                                  <test-case name="Macquarie.Evolve.Test.Unit.Client.CachingCommandExecutorTest.should_not_cache_non_cachable_internal_commands" executed="True" success="True" time="0.000" asserts="2" />
                                  <test-case name="Macquarie.Evolve.Test.Unit.Client.CachingCommandExecutorTest.should_not_clear_cacheable_commands_if_not_updateable" executed="True" success="True" time="0.000" asserts="0" />
                                  <test-case name="Macquarie.Evolve.Test.Unit.Client.CachingCommandExecutorTest.should_not_send_batched_commands_that_are_empty" executed="True" success="True" time="0.000" asserts="1" />
                                  <test-case name="Macquarie.Evolve.Test.Unit.Client.CachingCommandExecutorTest.should_save_to_offline_batch_commands_correctly_in_offline_mode" executed="True" success="True" time="0.000" asserts="0" />
                                  <test-case name="Macquarie.Evolve.Test.Unit.Client.CachingCommandExecutorTest.should_update_cache_after_command_executed_and_response_is_updated" executed="True" success="True" time="0.031" asserts="0" />
                                </results>
                              </test-suite>
                              <test-suite name="Macquarie.Evolve.Test.Unit.Client.Config" success="True" time="0.594" asserts="0">
                                <results>
                                  <test-suite name="Macquarie.Evolve.Test.Unit.Client.Config.ClientConfigTest" success="True" time="0.594" asserts="0">
                                    <results>
                                      <test-case name="Macquarie.Evolve.Test.Unit.Client.Config.ClientConfigTest.alert_check_interval_should_be_120_seconds_if_not_specified_in_config_file" executed="True" success="True" time="0.125" asserts="1" />
                                      <test-case name="Macquarie.Evolve.Test.Unit.Client.Config.ClientConfigTest.alert_check_interval_should_be_got_from_config_file" executed="True" success="True" time="0.016" asserts="1" />
                                      <test-case name="Macquarie.Evolve.Test.Unit.Client.Config.ClientConfigTest.ctd_timeout_setting_should_be_10_seconds_if_not_specified_in_config_file" executed="True" success="True" time="0.000" asserts="1" />
                                      <test-case name="Macquarie.Evolve.Test.Unit.Client.Config.ClientConfigTest.ctd_timeout_setting_should_be_got_from_config_file" executed="True" success="True" time="0.000" asserts="1" />
                                      <test-case name="Macquarie.Evolve.Test.Unit.Client.Config.ClientConfigTest.encrypt_cachefile_should_be_got_from_config_file_if_specified" executed="True" success="True" time="0.000" asserts="1" />
                                      <test-case name="Macquarie.Evolve.Test.Unit.Client.Config.ClientConfigTest.encrypt_cachefile_should_be_true_if_not_specified" executed="True" success="True" time="0.000" asserts="1" />
                                      <test-case name="Macquarie.Evolve.Test.Unit.Client.Config.ClientConfigTest.ResearchReportService_test_when_not_using_mock" executed="True" success="True" time="0.391" asserts="2" />
                                      <test-case name="Macquarie.Evolve.Test.Unit.Client.Config.ClientConfigTest.ResearchReportService_test_when_using_mock" executed="True" success="True" time="0.016" asserts="2" />
                                      <test-case name="Macquarie.Evolve.Test.Unit.Client.Config.ClientConfigTest.should_load_default_context_factory_If_none_specified" executed="True" success="True" time="0.016" asserts="1" />
                                      <test-case name="Macquarie.Evolve.Test.Unit.Client.Config.ClientConfigTest.test_should_process_client_config_section_correctly" executed="True" success="True" time="0.031" asserts="21" />
                                    </results>
                                  </test-suite>
                                  <test-suite name="Macquarie.Evolve.Test.Unit.Client.Config.ReportServiceConfigTest" success="True" time="0.000" asserts="0">
                                    <results>
                                      <test-case name="Macquarie.Evolve.Test.Unit.Client.Config.ReportServiceConfigTest.should_process_report_service_section_correctly" executed="True" success="True" time="0.000" asserts="5" />
                                      <test-case name="Macquarie.Evolve.Test.Unit.Client.Config.ReportServiceConfigTest.should_throw_evolve_exception_when_no_config_found" executed="True" success="True" time="0.000" asserts="0" />
                                    </results>
                                  </test-suite>
                                </results>
                              </test-suite>
                              <test-suite name="Macquarie.Evolve.Test.Unit.Client.Domain" success="True" time="3.500" asserts="0">
                                <results>
                                  <test-suite name="Macquarie.Evolve.Test.Unit.Client.Domain.AlertListTest" success="True" time="0.063" asserts="0">
                                    <results>
                                      <test-case name="Macquarie.Evolve.Test.Unit.Client.Domain.AlertListTest.ActionAlerts_AddAlerts_should_add_only_not_replied_action_alerts" executed="True" success="True" time="0.047" asserts="2" />
                                      <test-case name="Macquarie.Evolve.Test.Unit.Client.Domain.AlertListTest.ActionAlerts_AddAlerts_should_not_add_duplicated_alert" executed="True" success="True" time="0.000" asserts="2" />
                                      <test-case name="Macquarie.Evolve.Test.Unit.Client.Domain.AlertListTest.should_not_add_duplicate_meeting_note" executed="True" success="True" time="0.000" asserts="1" />
                                      <test-case name="Macquarie.Evolve.Test.Unit.Client.Domain.AlertListTest.should_not_get_thread_if_its_meeting_alert" executed="True" success="True" time="0.000" asserts="1" />
                                      <test-case name="Macquarie.Evolve.Test.Unit.Client.Domain.AlertListTest.should_not_update_non_meeting_alert_with_older_one" executed="True" success="True" time="0.000" asserts="2" />
                                      <test-case name="Macquarie.Evolve.Test.Unit.Client.Domain.AlertListTest.should_report_correct_unread_count" executed="True" success="True" time="0.000" asserts="1" />
                                    </results>
                                  </test-suite>
                                  <test-suite name="Macquarie.Evolve.Test.Unit.Client.Domain.AlertModelTest" success="True" time="0.125" asserts="0">
                                    <results>
                                      <test-case name="Macquarie.Evolve.Test.Unit.Client.Domain.AlertModelTest.call_Alerts_property_should_get_all_alerts_which_are_catched_in_client_side" executed="True" success="True" time="0.047" asserts="1" />
                                      <test-case name="Macquarie.Evolve.Test.Unit.Client.Domain.AlertModelTest.connection_status_changed_to_offline_should_reset_myAlertsInitialized" executed="True" success="True" time="0.000" asserts="0" />
                                      <test-case name="Macquarie.Evolve.Test.Unit.Client.Domain.AlertModelTest.connection_status_changed_to_online_should_InitMyAlerts" executed="True" success="True" time="0.000" asserts="0" />
                                      <test-case name="Macquarie.Evolve.Test.Unit.Client.Domain.AlertModelTest.GetAlert_should_return_alert_from_the_ActionAlerts_if_not_exists_in_Alert_List" executed="True" success="True" time="0.016" asserts="1" />
                                      <test-case name="Macquarie.Evolve.Test.Unit.Client.Domain.AlertModelTest.GetAlert_should_return_alert_from_the_AlertList_if_exists_in_Alert_List" executed="True" success="True" time="0.000" asserts="1" />
                                      <test-case name="Macquarie.Evolve.Test.Unit.Client.Domain.AlertModelTest.GetAlert_should_return_null_if_cannot_find_alert_in_ActionAlerts_or_AlertList" executed="True" success="True" time="0.000" asserts="1" />
                                      <test-case name="Macquarie.Evolve.Test.Unit.Client.Domain.AlertModelTest.InitMyAlerts_AlertList_should_contain_only_the_last_alerts_within_thread" executed="True" success="True" time="0.000" asserts="4" />
                                      <test-case name="Macquarie.Evolve.Test.Unit.Client.Domain.AlertModelTest.InitMyAlerts_should_get_alerts_within_a_certain_period_from_proxy" executed="True" success="True" time="0.000" asserts="5" />
                                      <test-case name="Macquarie.Evolve.Test.Unit.Client.Domain.AlertModelTest.InitMyAlerts_should_not_init_twice" executed="True" success="True" time="0.000" asserts="0" />
                                      <test-case name="Macquarie.Evolve.Test.Unit.Client.Domain.AlertModelTest.MarkSendOutAlertRead_should_do_nothing_if_doesnot_find_the_alert_in_alert_list" executed="True" success="True" time="0.031" asserts="0" />
                                      <test-case name="Macquarie.Evolve.Test.Unit.Client.Domain.AlertModelTest.MarkSendOutAlertRead_should_mark_the_alert_has_been_read_if_find_the_alert_in_alert_list" executed="True" success="True" time="0.016" asserts="0" />
                                      <test-case name="Macquarie.Evolve.Test.Unit.Client.Domain.AlertModelTest.should_close_alert" executed="True" success="True" time="0.000" asserts="2" />
                                      <test-case name="Macquarie.Evolve.Test.Unit.Client.Domain.AlertModelTest.should_close_expired_alerts" executed="True" success="True" time="0.000" asserts="3" />
                                      <test-case name="Macquarie.Evolve.Test.Unit.Client.Domain.AlertModelTest.should_mark_action_alert_replied_by_contact_note_thread_id" executed="True" success="True" time="0.000" asserts="8" />
                                      <test-case name="Macquarie.Evolve.Test.Unit.Client.Domain.AlertModelTest.should_mark_alert_read" executed="True" success="True" time="0.000" asserts="1" />
                                      <test-case name="Macquarie.Evolve.Test.Unit.Client.Domain.AlertModelTest.should_remove_duplicate_alerts_with_same_contactNote" executed="True" success="True" time="0.016" asserts="2" />
                                    </results>
                                  </test-suite>
                                  <test-suite name="Macquarie.Evolve.Test.Unit.Client.Domain.AlertTest" success="True" time="0.016" asserts="0">
                                    <results>
                                      <test-case name="Macquarie.Evolve.Test.Unit.Client.Domain.AlertTest.alert_should_be_comparable" executed="True" success="True" time="0.000" asserts="4" />
                                      <test-case name="Macquarie.Evolve.Test.Unit.Client.Domain.AlertTest.replied_by_is_blank_when_there_are_no_replies" executed="True" success="True" time="0.000" asserts="1" />
                                      <test-case name="Macquarie.Evolve.Test.Unit.Client.Domain.AlertTest.should_concat_all_not_replied_users" executed="True" success="True" time="0.000" asserts="1" />
                                      <test-case name="Macquarie.Evolve.Test.Unit.Client.Domain.AlertTest.should_concat_all_replied_users" executed="True" success="True" time="0.000" asserts="1" />
                                      <test-case name="Macquarie.Evolve.Test.Unit.Client.Domain.AlertTest.should_get_first_line_of_striped_note_if_the_first_line_of_the_note_is_no_more_than_25_characters" executed="True" success="True" time="0.000" asserts="1" />
                                      <test-case name="Macquarie.Evolve.Test.Unit.Client.Domain.AlertTest.should_get_first_line_of_striped_note_with_no_more_than_25_characters" executed="True" success="True" time="0.000" asserts="1" />
                                      <test-case name="Macquarie.Evolve.Test.Unit.Client.Domain.AlertTest.should_get_striped_note_with_no_more_than_25_characters" executed="True" success="True" time="0.000" asserts="1" />
                                      <test-case name="Macquarie.Evolve.Test.Unit.Client.Domain.AlertTest.should_properly_format_sender" executed="True" success="True" time="0.000" asserts="1" />
                                      <test-case name="Macquarie.Evolve.Test.Unit.Client.Domain.AlertTest.should_properly_format_tag_to" executed="True" success="True" time="0.000" asserts="1" />
                                      <test-case name="Macquarie.Evolve.Test.Unit.Client.Domain.AlertTest.should_remove_duplicate_tag_recipients_name_in_tag_to_text" executed="True" success="True" time="0.000" asserts="1" />
                                      <test-case name="Macquarie.Evolve.Test.Unit.Client.Domain.AlertTest.should_return_unmodified_note_if_length_less_than_25" executed="True" success="True" time="0.000" asserts="1" />
                                      <test-case name="Macquarie.Evolve.Test.Unit.Client.Domain.AlertTest.should_use_stripped_subject_if_its_email_contact_note_more_than_25_characters" executed="True" success="True" time="0.000" asserts="1" />
                                      <test-case name="Macquarie.Evolve.Test.Unit.Client.Domain.AlertTest.should_use_subject_plus_note_if_its_email_contact_note" executed="True" success="True" time="0.016" asserts="1" />
                                      <test-case name="Macquarie.Evolve.Test.Unit.Client.Domain.AlertTest.StripedNote_should_return_empty_string_if_contactnote_doesnot_contain_note_or_subject" executed="True" success="True" time="0.000" asserts="1" />
                                      <test-case name="Macquarie.Evolve.Test.Unit.Client.Domain.AlertTest.tag_alert_should_get_TagGroupClients_info" executed="True" success="True" time="0.000" asserts="1" />
                                    </results>
                                  </test-suite>
                                  <test-suite name="Macquarie.Evolve.Test.Unit.Client.Domain.BaseAuditHelperTest" success="True" time="0.000" asserts="0">
                                    <results>
                                      <test-case name="Macquarie.Evolve.Test.Unit.Client.Domain.BaseAuditHelperTest.CompareValue_should_return_null_when_oldValue_and_newValue_is_empty" executed="True" success="True" time="0.000" asserts="5" />
                                    </results>
                                  </test-suite>
                                  <test-suite name="Macquarie.Evolve.Test.Unit.Client.Domain.ClientFileTransferHelperTest" success="True" time="0.031" asserts="0">
                                    <results>
                                      <test-case name="Macquarie.Evolve.Test.Unit.Client.Domain.ClientFileTransferHelperTest.GetFileNames_test" executed="True" success="True" time="0.031" asserts="1" />
                                    </results>
                                  </test-suite>
                                  <test-suite name="Macquarie.Evolve.Test.Unit.Client.Domain.ClientInterestsTest" success="True" time="0.047" asserts="0">
                                    <results>
                                      <test-case name="Macquarie.Evolve.Test.Unit.Client.Domain.ClientInterestsTest.findCoveringInterest_method_should_return_correct_interetes_which_is_covered_by_the_specified_interest" executed="True" success="True" time="0.031" asserts="2" />
                                      <test-case name="Macquarie.Evolve.Test.Unit.Client.Domain.ClientInterestsTest.findCoveringInterest_method_should_return_empty_interetes_if_find_nothing" executed="True" success="True" time="0.000" asserts="1" />
                                      <test-case name="Macquarie.Evolve.Test.Unit.Client.Domain.ClientInterestsTest.isCovered_method_should_return_false_if_clientInterests_doesnot_conver_specified_interest" executed="True" success="True" time="0.000" asserts="1" />
                                      <test-case name="Macquarie.Evolve.Test.Unit.Client.Domain.ClientInterestsTest.isCovered_method_should_return_true_if_clientInterests_contains_specified_interest" executed="True" success="True" time="0.016" asserts="1" />
                                      <test-case name="Macquarie.Evolve.Test.Unit.Client.Domain.ClientInterestsTest.isCovered_method_should_return_true_if_clientInterests_convers_specified_interest" executed="True" success="True" time="0.000" asserts="1" />
                                      <test-case name="Macquarie.Evolve.Test.Unit.Client.Domain.ClientInterestsTest.match_method_should_return_correct_region_result" executed="True" success="True" time="0.000" asserts="2" />
                                      <test-case name="Macquarie.Evolve.Test.Unit.Client.Domain.ClientInterestsTest.match_method_should_return_correct_secotr_result" executed="True" success="True" time="0.000" asserts="2" />
                                      <test-case name="Macquarie.Evolve.Test.Unit.Client.Domain.ClientInterestsTest.match_method_should_return_null_if_no_match_result_found" executed="True" success="True" time="0.000" asserts="1" />
                                      <test-case name="Macquarie.Evolve.Test.Unit.Client.Domain.ClientInterestsTest.should_create_an_instance_by_inject_an_Interests_instance_and_interestsModel" executed="True" success="True" time="0.000" asserts="0" />
                                    </results>
                                  </test-suite>
                                  <test-suite name="Macquarie.Evolve.Test.Unit.Client.Domain.ClientInterestTest" success="True" time="0.000" asserts="0">
                                    <results>
                                      <test-case name="Macquarie.Evolve.Test.Unit.Client.Domain.ClientInterestTest.isCovered_should_return_correct_value" executed="True" success="True" time="0.000" asserts="6" />
                                      <test-case name="Macquarie.Evolve.Test.Unit.Client.Domain.ClientInterestTest.should_create_an_instance_by_inject_interestDTO_and_region_and_sector" executed="True" success="True" time="0.000" asserts="1" />
                                    </results>
                                  </test-suite>
                                  <test-suite name="Macquarie.Evolve.Test.Unit.Client.Domain.ContactModelCacheTest" success="True" time="0.016" asserts="0">
                                    <results>
                                      <test-case name="Macquarie.Evolve.Test.Unit.Client.Domain.ContactModelCacheTest.should_call_server_with_not_found_contacts" executed="True" success="True" time="0.016" asserts="1" />
                                      <test-case name="Macquarie.Evolve.Test.Unit.Client.Domain.ContactModelCacheTest.should_find_contacts_on_server_if_nothing_is_found_in_cache" executed="True" success="True" time="0.000" asserts="1" />
                                      <test-case name="Macquarie.Evolve.Test.Unit.Client.Domain.ContactModelCacheTest.should_note_call_server_at_all_if_no_contact_is_found" executed="True" success="True" time="0.000" asserts="1" />
                                    </results>
                                  </test-suite>
                                  <test-suite name="Macquarie.Evolve.Test.Unit.Client.Domain.ContactModelSearchEmailTest" success="True" time="0.016" asserts="0">
                                    <results>
                                      <test-case name="Macquarie.Evolve.Test.Unit.Client.Domain.ContactModelSearchEmailTest.should_load_from_myContacts_if_found" executed="True" success="True" time="0.016" asserts="0" />
                                      <test-case name="Macquarie.Evolve.Test.Unit.Client.Domain.ContactModelSearchEmailTest.should_load_from_server_if_not_found_in_my_contacts" executed="True" success="True" time="0.000" asserts="1" />
                                      <test-case name="Macquarie.Evolve.Test.Unit.Client.Domain.ContactModelSearchEmailTest.should_load_from_server_only_emails_not_found_in_my_contacts" executed="True" success="True" time="0.000" asserts="3" />
                                    </results>
                                  </test-suite>
                                  <test-suite name="Macquarie.Evolve.Test.Unit.Client.Domain.ContactModelSearchTest" success="True" time="0.031" asserts="0">
                                    <results>
                                      <test-case name="Macquarie.Evolve.Test.Unit.Client.Domain.ContactModelSearchTest.more_keywords_should_not_reopen_filtered_contact" executed="True" success="True" time="0.016" asserts="1" />
                                      <test-case name="Macquarie.Evolve.Test.Unit.Client.Domain.ContactModelSearchTest.search_by_email_address_should_search_all_contacts" executed="True" success="True" time="0.000" asserts="1" />
                                      <test-case name="Macquarie.Evolve.Test.Unit.Client.Domain.ContactModelSearchTest.search_should_ignore_case" executed="True" success="True" time="0.000" asserts="1" />
                                      <test-case name="Macquarie.Evolve.Test.Unit.Client.Domain.ContactModelSearchTest.search_should_match_all_contacts_which_contains_keyword" executed="True" success="True" time="0.016" asserts="4" />
                                      <test-case name="Macquarie.Evolve.Test.Unit.Client.Domain.ContactModelSearchTest.search_should_refine_by_following_keywords" executed="True" success="True" time="0.000" asserts="2" />
                                      <test-case name="Macquarie.Evolve.Test.Unit.Client.Domain.ContactModelSearchTest.search_should_search_family_name" executed="True" success="True" time="0.000" asserts="2" />
                                      <test-case name="Macquarie.Evolve.Test.Unit.Client.Domain.ContactModelSearchTest.search_should_search_given_name" executed="True" success="True" time="0.000" asserts="2" />
                                      <test-case name="Macquarie.Evolve.Test.Unit.Client.Domain.ContactModelSearchTest.search_should_search_organisation" executed="True" success="True" time="0.000" asserts="2" />
                                      <test-case name="Macquarie.Evolve.Test.Unit.Client.Domain.ContactModelSearchTest.should_filter_on_a_hyphen" executed="True" success="True" time="0.000" asserts="2" />
                                      <test-case name="Macquarie.Evolve.Test.Unit.Client.Domain.ContactModelSearchTest.should_filter_on_an_apostrophe" executed="True" success="True" time="0.000" asserts="1" />
                                      <test-case name="Macquarie.Evolve.Test.Unit.Client.Domain.ContactModelSearchTest.should_filter_on_backslash" executed="True" success="True" time="0.000" asserts="1" />
                                      <test-case name="Macquarie.Evolve.Test.Unit.Client.Domain.ContactModelSearchTest.should_filter_on_special_charactors_of_regex" executed="True" success="True" time="0.000" asserts="10" />
                                    </results>
                                  </test-suite>
                                  <test-suite name="Macquarie.Evolve.Test.Unit.Client.Domain.ContactNoteValidatorTest" success="True" time="0.203" asserts="0">
                                    <results>
                                      <test-case name="Macquarie.Evolve.Test.Unit.Client.Domain.ContactNoteValidatorTest.should_not_validate_normal_recipients_when_normal_recipients_option_is_off" executed="True" success="True" time="0.109" asserts="1" />
                                      <test-case name="Macquarie.Evolve.Test.Unit.Client.Domain.ContactNoteValidatorTest.should_not_warn_empty_note_if_note_is_empty_when_content_note_type_is_email" executed="True" success="True" time="0.000" asserts="1" />
                                      <test-case name="Macquarie.Evolve.Test.Unit.Client.Domain.ContactNoteValidatorTest.should_not_warn_empty_note_if_tag_panel_is_hidden_when_content_note_type_is_voice_mail" executed="True" success="True" time="0.000" asserts="1" />
                                      <test-case name="Macquarie.Evolve.Test.Unit.Client.Domain.ContactNoteValidatorTest.should_warn_empty_note_if_note_is_empty_when_content_note_type_is_meeting" executed="True" success="True" time="0.078" asserts="1" />
                                      <test-case name="Macquarie.Evolve.Test.Unit.Client.Domain.ContactNoteValidatorTest.should_warn_empty_note_if_note_is_empty_when_content_note_type_is_phone" executed="True" success="True" time="0.000" asserts="1" />
                                      <test-case name="Macquarie.Evolve.Test.Unit.Client.Domain.ContactNoteValidatorTest.telephone_note_should_fail_in_validate_if_note_content_is_empty" executed="True" success="True" time="0.000" asserts="1" />
                                      <test-case name="Macquarie.Evolve.Test.Unit.Client.Domain.ContactNoteValidatorTest.telephone_note_should_pass_all_the_validate_and_give_error_message" executed="True" success="True" time="0.000" asserts="1" />
                                      <test-case name="Macquarie.Evolve.Test.Unit.Client.Domain.ContactNoteValidatorTest.validating_telephone_contact_note_should_not_validate_tag_group_if_tag_panel_is_invisible" executed="True" success="True" time="0.000" asserts="2" />
                                      <test-case name="Macquarie.Evolve.Test.Unit.Client.Domain.ContactNoteValidatorTest.voice_note_should_fail_validate_when_tag_panel_is_visible" executed="True" success="True" time="0.016" asserts="1" />
                                      <test-case name="Macquarie.Evolve.Test.Unit.Client.Domain.ContactNoteValidatorTest.voice_note_should_pass_validate_directly_when_tag_panel_is_invisible" executed="True" success="True" time="0.000" asserts="1" />
                                    </results>
                                  </test-suite>
                                  <test-suite name="Macquarie.Evolve.Test.Unit.Client.Domain.DispatcherWorkCallbackTest" success="True" time="0.031" asserts="0">
                                    <results>
                                      <test-case name="Macquarie.Evolve.Test.Unit.Client.Domain.DispatcherWorkCallbackTest.OnCompleted_should_use_dispatcher_to_callback" executed="True" success="True" time="0.016" asserts="0" />
                                      <test-case name="Macquarie.Evolve.Test.Unit.Client.Domain.DispatcherWorkCallbackTest.OnError_should_use_dispatcher_to_callback" executed="True" success="True" time="0.016" asserts="0" />
                                    </results>
                                  </test-suite>
                                  <test-suite name="Macquarie.Evolve.Test.Unit.Client.Domain.GroupedTelphoneNumberTest" success="True" time="0.000" asserts="0">
                                    <results>
                                      <test-case name="Macquarie.Evolve.Test.Unit.Client.Domain.GroupedTelphoneNumberTest.every_type_should_have_its_own_description" executed="True" success="True" time="0.000" asserts="6" />
                                    </results>
                                  </test-suite>
                                  <test-suite name="Macquarie.Evolve.Test.Unit.Client.Domain.MonthlyCallCalculatorTest" success="True" time="0.000" asserts="0">
                                    <results>
                                      <test-case name="Macquarie.Evolve.Test.Unit.Client.Domain.MonthlyCallCalculatorTest.delta_should_be_NA_for_zero_target" executed="True" success="True" time="0.000" asserts="1" />
                                      <test-case name="Macquarie.Evolve.Test.Unit.Client.Domain.MonthlyCallCalculatorTest.delta_should_return_negative_difference_between_actual_and_target_within_braces" executed="True" success="True" time="0.000" asserts="2" />
                                      <test-case name="Macquarie.Evolve.Test.Unit.Client.Domain.MonthlyCallCalculatorTest.delta_should_return_positive_difference_between_actual_and_target" executed="True" success="True" time="0.000" asserts="2" />
                                      <test-case name="Macquarie.Evolve.Test.Unit.Client.Domain.MonthlyCallCalculatorTest.hitRate_should_be_NA_for_zero_target" executed="True" success="True" time="0.000" asserts="1" />
                                      <test-case name="Macquarie.Evolve.Test.Unit.Client.Domain.MonthlyCallCalculatorTest.hitRate_should_return_quotient_of_actual_divided_by_target_in_percent_with_one_bit_fraction" executed="True" success="True" time="0.000" asserts="2" />
                                    </results>
                                  </test-suite>
                                  <test-suite name="Macquarie.Evolve.Test.Unit.Client.Domain.MyAlertListTest" success="True" time="0.000" asserts="0">
                                    <results>
                                      <test-case name="Macquarie.Evolve.Test.Unit.Client.Domain.MyAlertListTest.should_display_correct_alert_lapsed_time" executed="True" success="True" time="0.000" asserts="9" />
                                      <test-case name="Macquarie.Evolve.Test.Unit.Client.Domain.MyAlertListTest.should_get_alert_by_alertId" executed="True" success="True" time="0.000" asserts="1" />
                                      <test-case name="Macquarie.Evolve.Test.Unit.Client.Domain.MyAlertListTest.should_remove_alert_in_same_thread_first_on_alerts_arrived" executed="True" success="True" time="0.000" asserts="2" />
                                      <test-case name="Macquarie.Evolve.Test.Unit.Client.Domain.MyAlertListTest.should_return_null_when_alert_with_the_thread_id_not_in_list" executed="True" success="True" time="0.000" asserts="1" />
                                      <test-case name="Macquarie.Evolve.Test.Unit.Client.Domain.MyAlertListTest.should_return_the_alert_when_alert_with_the_thread_id_in_list" executed="True" success="True" time="0.000" asserts="1" />
                                      <test-case name="Macquarie.Evolve.Test.Unit.Client.Domain.MyAlertListTest.should_reverse_items_in_alert_list" executed="True" success="True" time="0.000" asserts="4" />
                                    </results>
                                  </test-suite>
                                  <test-suite name="Macquarie.Evolve.Test.Unit.Client.Domain.NameSearcherTest" success="True" time="0.047" asserts="0">
                                    <results>
                                      <test-case name="Macquarie.Evolve.Test.Unit.Client.Domain.NameSearcherTest.found_names_should_contain_all_candidates_found" executed="True" success="True" time="0.047" asserts="3" />
                                      <test-case name="Macquarie.Evolve.Test.Unit.Client.Domain.NameSearcherTest.found_names_should_have_full_match_when_found_recipients_contain_search_key" executed="True" success="True" time="0.000" asserts="1" />
                                      <test-case name="Macquarie.Evolve.Test.Unit.Client.Domain.NameSearcherTest.found_names_should_not_contain_candidate_when_no_recipient_found" executed="True" success="True" time="0.000" asserts="2" />
                                      <test-case name="Macquarie.Evolve.Test.Unit.Client.Domain.NameSearcherTest.found_names_should_not_have_full_match_when_found_recipients_do_not_contain_search_key" executed="True" success="True" time="0.000" asserts="1" />
                                      <test-case name="Macquarie.Evolve.Test.Unit.Client.Domain.NameSearcherTest.should_find_name_by_id" executed="True" success="True" time="0.000" asserts="1" />
                                      <test-case name="Macquarie.Evolve.Test.Unit.Client.Domain.NameSearcherTest.should_find_with_group_name" executed="True" success="True" time="0.000" asserts="1" />
                                    </results>
                                  </test-suite>
                                  <test-suite name="Macquarie.Evolve.Test.Unit.Client.Domain.RecipientModelTest" success="True" time="0.016" asserts="0">
                                    <results>
                                      <test-case name="Macquarie.Evolve.Test.Unit.Client.Domain.RecipientModelTest.search_by_id_should_return_corresponding_recipient" executed="True" success="True" time="0.000" asserts="1" />
                                      <test-case name="Macquarie.Evolve.Test.Unit.Client.Domain.RecipientModelTest.search_by_keywords_should_not_search_in_group_name" executed="True" success="True" time="0.000" asserts="1" />
                                      <test-case name="Macquarie.Evolve.Test.Unit.Client.Domain.RecipientModelTest.search_by_keywords_should_not_search_in_location" executed="True" success="True" time="0.000" asserts="1" />
                                      <test-case name="Macquarie.Evolve.Test.Unit.Client.Domain.RecipientModelTest.search_by_keywords_should_search_in_family_name" executed="True" success="True" time="0.000" asserts="1" />
                                      <test-case name="Macquarie.Evolve.Test.Unit.Client.Domain.RecipientModelTest.search_by_keywords_should_search_in_given_name_and_match_result_which_contains_keywords" executed="True" success="True" time="0.000" asserts="1" />
                                      <test-case name="Macquarie.Evolve.Test.Unit.Client.Domain.RecipientModelTest.search_by_multiple_keywords_should_refine_search_result" executed="True" success="True" time="0.000" asserts="2" />
                                      <test-case name="Macquarie.Evolve.Test.Unit.Client.Domain.RecipientModelTest.should_be_able_to_find_recipients_by_ids" executed="True" success="True" time="0.016" asserts="3" />
                                      <test-case name="Macquarie.Evolve.Test.Unit.Client.Domain.RecipientModelTest.should_not_match_if_missing_brankets" executed="True" success="True" time="0.000" asserts="5" />
                                      <test-case name="Macquarie.Evolve.Test.Unit.Client.Domain.RecipientModelTest.should_search_with_brackets_in_keywords" executed="True" success="True" time="0.000" asserts="1" />
                                    </results>
                                  </test-suite>
                                  <test-suite name="Macquarie.Evolve.Test.Unit.Client.Domain.RecipientsTest" success="True" time="0.000" asserts="0">
                                    <results>
                                      <test-case name="Macquarie.Evolve.Test.Unit.Client.Domain.RecipientsTest.should_add_recipient_without_duplication" executed="True" success="True" time="0.000" asserts="3" />
                                      <test-case name="Macquarie.Evolve.Test.Unit.Client.Domain.RecipientsTest.should_not_add_duplicated_recipients" executed="True" success="True" time="0.000" asserts="2" />
                                      <test-case name="Macquarie.Evolve.Test.Unit.Client.Domain.RecipientsTest.should_remove_duplicate_normal_recipients" executed="True" success="True" time="0.000" asserts="5" />
                                      <test-case name="Macquarie.Evolve.Test.Unit.Client.Domain.RecipientsTest.should_return_recipient_names" executed="True" success="True" time="0.000" asserts="2" />
                                    </results>
                                  </test-suite>
                                  <test-suite name="Macquarie.Evolve.Test.Unit.Client.Domain.ResearchReportDataTest" success="True" time="0.016" asserts="0">
                                    <results>
                                      <test-case name="Macquarie.Evolve.Test.Unit.Client.Domain.ResearchReportDataTest.Match_return_false_if_author_doesnot_match_primary_and_additional_authors_is_null" executed="True" success="True" time="0.016" asserts="1" />
                                      <test-case name="Macquarie.Evolve.Test.Unit.Client.Domain.ResearchReportDataTest.Match_return_true" executed="True" success="True" time="0.000" asserts="5" />
                                      <test-case name="Macquarie.Evolve.Test.Unit.Client.Domain.ResearchReportDataTest.Match_return_true_if_author_matches_found_in_additional_authors" executed="True" success="True" time="0.000" asserts="1" />
                                      <test-case name="Macquarie.Evolve.Test.Unit.Client.Domain.ResearchReportDataTest.Match_when_author_is_null" executed="True" success="True" time="0.000" asserts="3" />
                                      <test-case name="Macquarie.Evolve.Test.Unit.Client.Domain.ResearchReportDataTest.Match_when_region_is_null" executed="True" success="True" time="0.000" asserts="3" />
                                      <test-case name="Macquarie.Evolve.Test.Unit.Client.Domain.ResearchReportDataTest.Match_when_sector_is_null" executed="True" success="True" time="0.000" asserts="3" />
                                      <test-case name="Macquarie.Evolve.Test.Unit.Client.Domain.ResearchReportDataTest.Match_when_Security_is_null" executed="True" success="True" time="0.000" asserts="3" />
                                      <test-case name="Macquarie.Evolve.Test.Unit.Client.Domain.ResearchReportDataTest.Match_when_Security_Tickers_is_null" executed="True" success="True" time="0.000" asserts="3" />
                                      <test-case name="Macquarie.Evolve.Test.Unit.Client.Domain.ResearchReportDataTest.Match_when_title_is_null" executed="True" success="True" time="0.000" asserts="3" />
                                    </results>
                                  </test-suite>
                                  <test-suite name="Macquarie.Evolve.Test.Unit.Client.Domain.ResearchReportModelTest" success="True" time="1.500" asserts="0">
                                    <results>
                                      <test-case name="Macquarie.Evolve.Test.Unit.Client.Domain.ResearchReportModelTest.GetReports_should_save_files_and_return_file_paths" executed="True" success="True" time="0.125" asserts="3" />
                                      <test-case name="Macquarie.Evolve.Test.Unit.Client.Domain.ResearchReportModelTest.GetReportsMetadata_should_call_reportService_with_valid_parameters" executed="True" success="True" time="0.000" asserts="1" />
                                      <test-case name="Macquarie.Evolve.Test.Unit.Client.Domain.ResearchReportModelTest.GetResearchReportsHandler_should_handle_expection_which_is_not_WebException_or_FileNotFoundException_thrown_by_WebService" executed="True" success="True" time="0.031" asserts="1" />
                                      <test-case name="Macquarie.Evolve.Test.Unit.Client.Domain.ResearchReportModelTest.GetResearchReportsHandler_should_handle_WebException_thrown_by_WebService" executed="True" success="True" time="0.000" asserts="1" />
                                      <test-case name="Macquarie.Evolve.Test.Unit.Client.Domain.ResearchReportModelTest.GetResearchReportWebServiceStatus_test_when_not_using_mock_service" executed="True" success="True" time="0.859" asserts="1" />
                                      <test-case name="Macquarie.Evolve.Test.Unit.Client.Domain.ResearchReportModelTest.GetResearchReportWebServiceStatus_test_when_using_mock_service" executed="True" success="True" time="0.000" asserts="1" />
                                      <test-case name="Macquarie.Evolve.Test.Unit.Client.Domain.ResearchReportModelTest.GetStaticData_should_get_staticData_to_share_with_all_ResearchReportModel_instances" executed="True" success="True" time="0.250" asserts="12" />
                                      <test-case name="Macquarie.Evolve.Test.Unit.Client.Domain.ResearchReportModelTest.ResearchReportData_should_store_reports_per_instance" executed="True" success="True" time="0.000" asserts="2" />
                                      <test-case name="Macquarie.Evolve.Test.Unit.Client.Domain.ResearchReportModelTest.SearchResearchReportsResultsHandler_should_handle_non_WebException_thrown_by_WebService" executed="True" success="True" time="0.000" asserts="1" />
                                      <test-case name="Macquarie.Evolve.Test.Unit.Client.Domain.ResearchReportModelTest.SearchResearchReportsResultsHandler_should_handle_WebException_thrown_by_WebService" executed="True" success="True" time="0.000" asserts="1" />
                                      <test-case name="Macquarie.Evolve.Test.Unit.Client.Domain.ResearchReportModelTest.should_construct_search_criteria_correctly" executed="True" success="True" time="0.016" asserts="9" />
                                      <test-case name="Macquarie.Evolve.Test.Unit.Client.Domain.ResearchReportModelTest.should_correctly_map_sector_name" executed="True" success="True" time="0.000" asserts="8" />
                                      <test-case name="Macquarie.Evolve.Test.Unit.Client.Domain.ResearchReportModelTest.should_load_static_data_from_cache_and_update_loaded_state" executed="True" success="True" time="0.188" asserts="3" />
                                      <test-case name="Macquarie.Evolve.Test.Unit.Client.Domain.ResearchReportModelTest.should_return_stocks_from_securities" executed="True" success="True" time="0.031" asserts="4" />
                                      <test-case name="Macquarie.Evolve.Test.Unit.Client.Domain.ResearchReportModelTest.should_save_files_with_no_title" executed="True" success="True" time="0.000" asserts="3" />
                                      <test-case name="Macquarie.Evolve.Test.Unit.Client.Domain.ResearchReportModelTest.should_save_static_data_locally_after_success_fetching" executed="True" success="True" time="0.000" asserts="1" />
                                      <test-case name="Macquarie.Evolve.Test.Unit.Client.Domain.ResearchReportModelTest.StaticDataHandler_should_handle_non_WebException_thrown_by_WebService" executed="True" success="True" time="0.000" asserts="2" />
                                      <test-case name="Macquarie.Evolve.Test.Unit.Client.Domain.ResearchReportModelTest.StaticDataHandler_should_handle_WebException_thrown_by_WebService" executed="True" success="True" time="0.000" asserts="2" />
                                    </results>
                                  </test-suite>
                                  <test-suite name="Macquarie.Evolve.Test.Unit.Client.Domain.ResearchReportsTest" success="True" time="0.016" asserts="0">
                                    <results>
                                      <test-case name="Macquarie.Evolve.Test.Unit.Client.Domain.ResearchReportsTest.shoudl_create_display_objects_correctly" executed="True" success="True" time="0.000" asserts="2" />
                                      <test-case name="Macquarie.Evolve.Test.Unit.Client.Domain.ResearchReportsTest.should_also_filter_by_securities" executed="True" success="True" time="0.000" asserts="2" />
                                      <test-case name="Macquarie.Evolve.Test.Unit.Client.Domain.ResearchReportsTest.should_copy_contents_correctly" executed="True" success="True" time="0.000" asserts="5" />
                                      <test-case name="Macquarie.Evolve.Test.Unit.Client.Domain.ResearchReportsTest.should_filter_reports_by_anding_multiple_fields" executed="True" success="True" time="0.000" asserts="2" />
                                      <test-case name="Macquarie.Evolve.Test.Unit.Client.Domain.ResearchReportsTest.should_filter_reports_by_contents" executed="True" success="True" time="0.000" asserts="3" />
                                      <test-case name="Macquarie.Evolve.Test.Unit.Client.Domain.ResearchReportsTest.should_filter_reports_by_part_names" executed="True" success="True" time="0.016" asserts="3" />
                                      <test-case name="Macquarie.Evolve.Test.Unit.Client.Domain.ResearchReportsTest.should_match_securities" executed="True" success="True" time="0.000" asserts="8" />
                                      <test-case name="Macquarie.Evolve.Test.Unit.Client.Domain.ResearchReportsTest.should_match_securities_when_tickers_is_null" executed="True" success="True" time="0.000" asserts="8" />
                                    </results>
                                  </test-suite>
                                  <test-suite name="Macquarie.Evolve.Test.Unit.Client.Domain.SearchCriteriaTest" success="True" time="0.000" asserts="0">
                                    <results>
                                      <test-case name="Macquarie.Evolve.Test.Unit.Client.Domain.SearchCriteriaTest.criteria_is_not_valid_if_none_provided" executed="True" success="True" time="0.000" asserts="1" />
                                      <test-case name="Macquarie.Evolve.Test.Unit.Client.Domain.SearchCriteriaTest.criteria_is_valid_if_atleast_one_is_provided" executed="True" success="True" time="0.000" asserts="5" />
                                      <test-case name="Macquarie.Evolve.Test.Unit.Client.Domain.SearchCriteriaTest.IsValid_is_false_if_startDate_is_after_endDate" executed="True" success="True" time="0.000" asserts="1" />
                                      <test-case name="Macquarie.Evolve.Test.Unit.Client.Domain.SearchCriteriaTest.IsValid_is_true_if_startDate_is_before_endDate" executed="True" success="True" time="0.000" asserts="1" />
                                    </results>
                                  </test-suite>
                                  <test-suite name="Macquarie.Evolve.Test.Unit.Client.Domain.SectorsTest" success="True" time="0.016" asserts="0">
                                    <results>
                                      <test-case name="Macquarie.Evolve.Test.Unit.Client.Domain.SectorsTest.match_keywors_should_get_all_completed_match_result" executed="True" success="True" time="0.000" asserts="1" />
                                      <test-case name="Macquarie.Evolve.Test.Unit.Client.Domain.SectorsTest.search_result_sectors_should_contains_father_which_doesnot_contain_keyword_but_leaf_children_name_contains_keywords" executed="True" success="True" time="0.016" asserts="5" />
                                      <test-case name="Macquarie.Evolve.Test.Unit.Client.Domain.SectorsTest.search_result_sectors_should_contains_leaf_children_which_name_contains_keywords" executed="True" success="True" time="0.000" asserts="6" />
                                      <test-case name="Macquarie.Evolve.Test.Unit.Client.Domain.SectorsTest.should_create_sectors_with_All_Sectors_as_parent" executed="True" success="True" time="0.000" asserts="2" />
                                      <test-case name="Macquarie.Evolve.Test.Unit.Client.Domain.SectorsTest.should_create_sectors_with_All_Sectors_as_parent_and_others_as_childern" executed="True" success="True" time="0.000" asserts="2" />
                                      <test-case name="Macquarie.Evolve.Test.Unit.Client.Domain.SectorsTest.should_create_sectors_with_All_Sectors_as_parent_and_others_as_childern_recursively" executed="True" success="True" time="0.000" asserts="6" />
                                      <test-case name="Macquarie.Evolve.Test.Unit.Client.Domain.SectorsTest.should_create_sectors_with_All_Sectors_as_parent_and_others_as_childern_recursively_when_in_random_order" executed="True" success="True" time="0.000" asserts="6" />
                                      <test-case name="Macquarie.Evolve.Test.Unit.Client.Domain.SectorsTest.should_match_sectors" executed="True" success="True" time="0.000" asserts="2" />
                                      <test-case name="Macquarie.Evolve.Test.Unit.Client.Domain.SectorsTest.should_match_sectors_when_available" executed="True" success="True" time="0.000" asserts="5" />
                                      <test-case name="Macquarie.Evolve.Test.Unit.Client.Domain.SectorsTest.should_match_sectors_which_contains_keyword_when_available" executed="True" success="True" time="0.000" asserts="4" />
                                    </results>
                                  </test-suite>
                                  <test-suite name="Macquarie.Evolve.Test.Unit.Client.Domain.Service" success="True" time="1.109" asserts="0">
                                    <results>
                                      <test-suite name="Macquarie.Evolve.Test.Unit.Client.Domain.Service.AddContactNoteResponseHandlerTest" success="True" time="0.063" asserts="0">
                                        <results>
                                          <test-case name="Macquarie.Evolve.Test.Unit.Client.Domain.Service.AddContactNoteResponseHandlerTest.should_not_notify_add_contact_note_if_there_is_an_error" executed="True" success="True" time="0.063" asserts="0" />
                                        </results>
                                      </test-suite>
                                      <test-suite name="Macquarie.Evolve.Test.Unit.Client.Domain.Service.AsynchFetchingExpiryStrategyTest" success="True" time="0.000" asserts="0">
                                        <results>
                                          <test-case name="Macquarie.Evolve.Test.Unit.Client.Domain.Service.AsynchFetchingExpiryStrategyTest.should_clear_different_commands_of_same_Type" executed="True" success="True" time="0.000" asserts="0" />
                                          <test-case name="Macquarie.Evolve.Test.Unit.Client.Domain.Service.AsynchFetchingExpiryStrategyTest.should_execute_different_commands_of_sameType" executed="True" success="True" time="0.000" asserts="0" />
                                          <test-case name="Macquarie.Evolve.Test.Unit.Client.Domain.Service.AsynchFetchingExpiryStrategyTest.should_invoke_different_commands_executor_asynchronously" executed="True" success="True" time="0.000" asserts="0" />
                                          <test-case name="Macquarie.Evolve.Test.Unit.Client.Domain.Service.AsynchFetchingExpiryStrategyTest.should_invoke_executor_asynchronously" executed="True" success="True" time="0.000" asserts="0" />
                                          <test-case name="Macquarie.Evolve.Test.Unit.Client.Domain.Service.AsynchFetchingExpiryStrategyTest.should_not_execute_more_requests_of_same_type" executed="True" success="True" time="0.000" asserts="0" />
                                          <test-case name="Macquarie.Evolve.Test.Unit.Client.Domain.Service.AsynchFetchingExpiryStrategyTest.should_reexecute_on_clear" executed="True" success="True" time="0.000" asserts="0" />
                                        </results>
                                      </test-suite>
                                      <test-suite name="Macquarie.Evolve.Test.Unit.Client.Domain.Service.ContactHistoryCommandResponseHandlerTest" success="True" time="0.063" asserts="0">
                                        <results>
                                          <test-case name="Macquarie.Evolve.Test.Unit.Client.Domain.Service.ContactHistoryCommandResponseHandlerTest.should_ask_receiver_to_handle_error_when_exception_happen" executed="True" success="True" time="0.063" asserts="0" />
                                          <test-case name="Macquarie.Evolve.Test.Unit.Client.Domain.Service.ContactHistoryCommandResponseHandlerTest.should_ask_receiver_to_update_result_if_no_exception_happen" executed="True" success="True" time="0.000" asserts="0" />
                                        </results>
                                      </test-suite>
                                      <test-suite name="Macquarie.Evolve.Test.Unit.Client.Domain.Service.ContactModelTest" success="True" time="0.297" asserts="0">
                                        <results>
                                          <test-case name="Macquarie.Evolve.Test.Unit.Client.Domain.Service.ContactModelTest.AddCallDetails_should_convert_timespan_to_seconds_and_add_call_details" executed="True" success="True" time="0.031" asserts="0" />
                                          <test-case name="Macquarie.Evolve.Test.Unit.Client.Domain.Service.ContactModelTest.Contains_should_return_false_for_non_existing_contacts_in_specified_list" executed="True" success="True" time="0.016" asserts="1" />
                                          <test-case name="Macquarie.Evolve.Test.Unit.Client.Domain.Service.ContactModelTest.Contains_should_return_true_for_existing_contacts_in_specified_list" executed="True" success="True" time="0.000" asserts="1" />
                                          <test-case name="Macquarie.Evolve.Test.Unit.Client.Domain.Service.ContactModelTest.CreateContact_test" executed="True" success="True" time="0.031" asserts="0" />
                                          <test-case name="Macquarie.Evolve.Test.Unit.Client.Domain.Service.ContactModelTest.get_contact_list_should_set_contacted_today_flag_SHOULD_BE_REMOVE_WHEN_THIS_FUNCTIONALITY_IS_MOVED" executed="True" success="True" time="0.000" asserts="1" />
                                          <test-case name="Macquarie.Evolve.Test.Unit.Client.Domain.Service.ContactModelTest.GetContactsByContactNoteId_test" executed="True" success="True" time="0.000" asserts="2" />
                                          <test-case name="Macquarie.Evolve.Test.Unit.Client.Domain.Service.ContactModelTest.GetContactsNotInMyList_should_return_empty_for_existing_contacts_in_specified_mylist" executed="True" success="True" time="0.000" asserts="1" />
                                          <test-case name="Macquarie.Evolve.Test.Unit.Client.Domain.Service.ContactModelTest.GetContactsNotInMyList_should_return_list_of_contacts_that_are_not_in_specified_mylist" executed="True" success="True" time="0.000" asserts="2" />
                                          <test-case name="Macquarie.Evolve.Test.Unit.Client.Domain.Service.ContactModelTest.GetNonEvolveContacts_test" executed="True" success="True" time="0.000" asserts="2" />
                                          <test-case name="Macquarie.Evolve.Test.Unit.Client.Domain.Service.ContactModelTest.reload_contact_lists_should_execute_getmycontacts_and_getmyservicehistory_commands" executed="True" success="True" time="0.000" asserts="0" />
                                          <test-case name="Macquarie.Evolve.Test.Unit.Client.Domain.Service.ContactModelTest.SaveContactListOrder_test" executed="True" success="True" time="0.000" asserts="0" />
                                          <test-case name="Macquarie.Evolve.Test.Unit.Client.Domain.Service.ContactModelTest.SearchContactsInOrganisation_test" executed="True" success="True" time="0.000" asserts="1" />
                                          <test-case name="Macquarie.Evolve.Test.Unit.Client.Domain.Service.ContactModelTest.should_add_contact_from_global_to_mylist" executed="True" success="True" time="0.094" asserts="0" />
                                          <test-case name="Macquarie.Evolve.Test.Unit.Client.Domain.Service.ContactModelTest.should_add_multiple_contacts_from_global_to_mylist" executed="True" success="True" time="0.016" asserts="0" />
                                          <test-case name="Macquarie.Evolve.Test.Unit.Client.Domain.Service.ContactModelTest.should_be_able_to_copy_contact_lists_to_users" executed="True" success="True" time="0.000" asserts="0" />
                                          <test-case name="Macquarie.Evolve.Test.Unit.Client.Domain.Service.ContactModelTest.should_be_able_to_delete_interests_for_contact" executed="True" success="True" time="0.000" asserts="1" />
                                          <test-case name="Macquarie.Evolve.Test.Unit.Client.Domain.Service.ContactModelTest.should_be_able_to_get_user_contact_lists" executed="True" success="True" time="0.000" asserts="1" />
                                          <test-case name="Macquarie.Evolve.Test.Unit.Client.Domain.Service.ContactModelTest.should_be_able_to_rename_my_contact_list" executed="True" success="True" time="0.000" asserts="1" />
                                          <test-case name="Macquarie.Evolve.Test.Unit.Client.Domain.Service.ContactModelTest.should_check_for_contact_list_duplication" executed="True" success="True" time="0.000" asserts="1" />
                                          <test-case name="Macquarie.Evolve.Test.Unit.Client.Domain.Service.ContactModelTest.should_find_global_region_sector_interests_for_contact" executed="True" success="True" time="0.016" asserts="2" />
                                          <test-case name="Macquarie.Evolve.Test.Unit.Client.Domain.Service.ContactModelTest.should_find_region_sector_interests_for_contact" executed="True" success="True" time="0.000" asserts="2" />
                                          <test-case name="Macquarie.Evolve.Test.Unit.Client.Domain.Service.ContactModelTest.should_get_contact_list_by_id" executed="True" success="True" time="0.000" asserts="1" />
                                          <test-case name="Macquarie.Evolve.Test.Unit.Client.Domain.Service.ContactModelTest.should_get_contact_list_by_id_in_a_list" executed="True" success="True" time="0.000" asserts="1" />
                                          <test-case name="Macquarie.Evolve.Test.Unit.Client.Domain.Service.ContactModelTest.should_get_last_contact_info" executed="True" success="True" time="0.000" asserts="1" />
                                          <test-case name="Macquarie.Evolve.Test.Unit.Client.Domain.Service.ContactModelTest.should_load_contact_details_from_proxy" executed="False">
                                            <reason>
                                              <message><![CDATA[This test needs to change, so does the contactmodel.getContact() code]]></message>
                                            </reason>
                                          </test-case>
                                          <test-case name="Macquarie.Evolve.Test.Unit.Client.Domain.Service.ContactModelTest.should_move_contacts_from_source_list_to_target_list" executed="True" success="True" time="0.000" asserts="0" />
                                          <test-case name="Macquarie.Evolve.Test.Unit.Client.Domain.Service.ContactModelTest.should_not_go_server_when_searching_on_global_contact_list_with_empty_keyword" executed="True" success="True" time="0.000" asserts="1" />
                                          <test-case name="Macquarie.Evolve.Test.Unit.Client.Domain.Service.ContactModelTest.should_not_move_contacts_if_already_exist_in_target_list" executed="True" success="True" time="0.000" asserts="0" />
                                          <test-case name="Macquarie.Evolve.Test.Unit.Client.Domain.Service.ContactModelTest.should_refresh_contact_list_when_new_contact_note_added" executed="True" success="True" time="0.000" asserts="1" />
[...]
                                      <test-case name="Macquarie.Evolve.Test.Unit.Shared.Responses.GetCurrentUserResponseTest.update_should_remove_covered_interests_from_cache_for_AddInterestForUserCommand_with_covered_interests" executed="True" success="True" time="0.000" asserts="2" />
                                      <test-case name="Macquarie.Evolve.Test.Unit.Shared.Responses.GetCurrentUserResponseTest.update_should_remove_deleted_interest_from_cache_for_RemoveMyInterestsCommand" executed="True" success="True" time="0.000" asserts="2" />
                                    </results>
                                  </test-suite>
                                  <test-suite name="Macquarie.Evolve.Test.Unit.Shared.Responses.GetMyContactsInterestsResponseTest" success="True" time="0.000" asserts="0">
                                    <results>
                                      <test-case name="Macquarie.Evolve.Test.Unit.Shared.Responses.GetMyContactsInterestsResponseTest.should_update_my_contact_interests_when_adding_new_contacts_so_that_they_are_available_offline" executed="True" success="True" time="0.000" asserts="3" />
                                      <test-case name="Macquarie.Evolve.Test.Unit.Shared.Responses.GetMyContactsInterestsResponseTest.should_update_my_contact_interests_when_deleting_interests_to_be_available_offline" executed="True" success="True" time="0.000" asserts="3" />
                                      <test-case name="Macquarie.Evolve.Test.Unit.Shared.Responses.GetMyContactsInterestsResponseTest.update_should_add_new_added_interest_to_cache_for_AddInterestForContactCommand" executed="True" success="True" time="0.000" asserts="2" />
                                      <test-case name="Macquarie.Evolve.Test.Unit.Shared.Responses.GetMyContactsInterestsResponseTest.update_should_update_cache_for_contact_not_present_in_my_contact_interests_cache" description="This means that for non contacts we may be caching the interests. We are doing this because, for mycontacts with no interests there is no entry. so it is impossible to distinguish from contacts and global contacts here." executed="True" success="True" time="0.000" asserts="3" />
                                    </results>
                                  </test-suite>
                                </results>
                              </test-suite>
                              <test-suite name="Macquarie.Evolve.Test.Unit.Shared.SchedulingDataTest" success="True" time="0.391" asserts="0">
                                <results>
                                  <test-case name="Macquarie.Evolve.Test.Unit.Shared.SchedulingDataTest.IsConflicted_should_return_false_when_both_of_contact_and_user_are_no_conflicted" executed="True" success="True" time="0.375" asserts="1" />
                                  <test-case name="Macquarie.Evolve.Test.Unit.Shared.SchedulingDataTest.IsConflicted_should_return_true_when_one_of_contact_and_user_conflicted" executed="True" success="True" time="0.000" asserts="1" />
                                  <test-case name="Macquarie.Evolve.Test.Unit.Shared.SchedulingDataTest.should_return_false_and_interate_all_periods_in_all_schedules_when_no_conflict" executed="True" success="True" time="0.000" asserts="1" />
                                  <test-case name="Macquarie.Evolve.Test.Unit.Shared.SchedulingDataTest.should_return_false_when_one_side_this_period_is_same_with_one_boundary_of_one_of_period_list" executed="True" success="True" time="0.000" asserts="2" />
                                  <test-case name="Macquarie.Evolve.Test.Unit.Shared.SchedulingDataTest.should_return_true_and_not_interate_all_periods_in_all_schedules_when_one_conflict" executed="True" success="True" time="0.000" asserts="1" />
                                  <test-case name="Macquarie.Evolve.Test.Unit.Shared.SchedulingDataTest.should_return_true_when_part_of_this_period_is_covered_by_one_of_period_list" executed="True" success="True" time="0.000" asserts="2" />
                                  <test-case name="Macquarie.Evolve.Test.Unit.Shared.SchedulingDataTest.should_return_true_when_this_period_is_covered_by_one_of_period_list" executed="True" success="True" time="0.000" asserts="2" />
                                </results>
                              </test-suite>
                              <test-suite name="Macquarie.Evolve.Test.Unit.Shared.Utils" success="True" time="0.625" asserts="0">
                                <results>
                                  <test-suite name="Macquarie.Evolve.Test.Unit.Shared.Utils.AttributeUtilTest" success="True" time="0.000" asserts="0">
                                    <results>
                                      <test-case name="Macquarie.Evolve.Test.Unit.Shared.Utils.AttributeUtilTest.HasAttribute_test" executed="True" success="True" time="0.000" asserts="2" />
                                      <test-case name="Macquarie.Evolve.Test.Unit.Shared.Utils.AttributeUtilTest.should_get_attribute_from_type" executed="True" success="True" time="0.000" asserts="2" />
                                    </results>
                                  </test-suite>
                                  <test-suite name="Macquarie.Evolve.Test.Unit.Shared.Utils.BaseArgumentsTest" success="True" time="0.016" asserts="0">
                                    <results>
                                      <test-case name="Macquarie.Evolve.Test.Unit.Shared.Utils.BaseArgumentsTest.should_assign_arguments_to_properties" executed="True" success="True" time="0.016" asserts="2" />
                                      <test-case name="Macquarie.Evolve.Test.Unit.Shared.Utils.BaseArgumentsTest.should_check_if_argument_set" executed="True" success="True" time="0.000" asserts="2" />
                                      <test-case name="Macquarie.Evolve.Test.Unit.Shared.Utils.BaseArgumentsTest.should_get_available_parameters" executed="True" success="True" time="0.000" asserts="5" />
                                      <test-case name="Macquarie.Evolve.Test.Unit.Shared.Utils.BaseArgumentsTest.should_handle_range_correctly" executed="True" success="True" time="0.000" asserts="2" />
                                      <test-case name="Macquarie.Evolve.Test.Unit.Shared.Utils.BaseArgumentsTest.should_set_get_enumeration_types" executed="True" success="True" time="0.000" asserts="1" />
                                      <test-case name="Macquarie.Evolve.Test.Unit.Shared.Utils.BaseArgumentsTest.should_set_get_int_types" executed="True" success="True" time="0.000" asserts="1" />
                                      <test-case name="Macquarie.Evolve.Test.Unit.Shared.Utils.BaseArgumentsTest.should_set_property" executed="True" success="True" time="0.000" asserts="1" />
                                      <test-case name="Macquarie.Evolve.Test.Unit.Shared.Utils.BaseArgumentsTest.should_throw_on_missing_mandatory" executed="True" success="True" time="0.000" asserts="0" />
                                      <test-case name="Macquarie.Evolve.Test.Unit.Shared.Utils.BaseArgumentsTest.should_use_default_value" executed="True" success="True" time="0.000" asserts="2" />
                                    </results>
                                  </test-suite>
                                  <test-suite name="Macquarie.Evolve.Test.Unit.Shared.Utils.DateTimeUtilTest" success="True" time="0.016" asserts="0">
                                    <results>
                                      <test-case name="Macquarie.Evolve.Test.Unit.Shared.Utils.DateTimeUtilTest.IsInSameDay_test" executed="True" success="True" time="0.000" asserts="2" />
                                      <test-case name="Macquarie.Evolve.Test.Unit.Shared.Utils.DateTimeUtilTest.IsInSameMonth_test" executed="True" success="True" time="0.000" asserts="4" />
                                      <test-case name="Macquarie.Evolve.Test.Unit.Shared.Utils.DateTimeUtilTest.IsInSameWeek_test" executed="True" success="True" time="0.000" asserts="3" />
                                      <test-case name="Macquarie.Evolve.Test.Unit.Shared.Utils.DateTimeUtilTest.should_get_date_of_the_first_day_of_given_month" executed="True" success="True" time="0.000" asserts="1" />
                                    </results>
                                  </test-suite>
                                  <test-suite name="Macquarie.Evolve.Test.Unit.Shared.Utils.EListTest" success="True" time="0.000" asserts="0">
                                    <results>
                                      <test-case name="Macquarie.Evolve.Test.Unit.Shared.Utils.EListTest.should_able_to_return_different_type" executed="True" success="True" time="0.000" asserts="3" />
                                      <test-case name="Macquarie.Evolve.Test.Unit.Shared.Utils.EListTest.should_detect" executed="True" success="True" time="0.000" asserts="2" />
                                      <test-case name="Macquarie.Evolve.Test.Unit.Shared.Utils.EListTest.should_do_each" executed="True" success="True" time="0.000" asserts="3" />
                                      <test-case name="Macquarie.Evolve.Test.Unit.Shared.Utils.EListTest.should_return_new_list_by_select" executed="True" success="True" time="0.000" asserts="3" />
                                    </results>
                                  </test-suite>
                                  <test-suite name="Macquarie.Evolve.Test.Unit.Shared.Utils.EvolveActionContextTest" success="True" time="0.000" asserts="0">
                                    <results>
                                      <test-case name="Macquarie.Evolve.Test.Unit.Shared.Utils.EvolveActionContextTest.current_context_should_be_created_with_local_setting" executed="True" success="True" time="0.000" asserts="3" />
                                      <test-case name="Macquarie.Evolve.Test.Unit.Shared.Utils.EvolveActionContextTest.should_deserialize_from_source_string" executed="True" success="True" time="0.000" asserts="3" />
                                      <test-case name="Macquarie.Evolve.Test.Unit.Shared.Utils.EvolveActionContextTest.should_serialize_to_proper_format" executed="True" success="True" time="0.000" asserts="1" />
                                    </results>
                                  </test-suite>
                                  <test-suite name="Macquarie.Evolve.Test.Unit.Shared.Utils.EvolveTempFolderTest" success="True" time="0.016" asserts="0">
                                    <results>
                                      <test-case name="Macquarie.Evolve.Test.Unit.Shared.Utils.EvolveTempFolderTest.should_create_file" executed="True" success="True" time="0.016" asserts="1" />
                                      <test-case name="Macquarie.Evolve.Test.Unit.Shared.Utils.EvolveTempFolderTest.should_create_folder_if_not_exist" executed="True" success="True" time="0.000" asserts="2" />
                                      <test-case name="Macquarie.Evolve.Test.Unit.Shared.Utils.EvolveTempFolderTest.should_throw_exception_if_content_is_null" executed="True" success="True" time="0.000" asserts="0" />
                                    </results>
                                  </test-suite>
                                  <test-suite name="Macquarie.Evolve.Test.Unit.Shared.Utils.NetFxUtilTest" success="True" time="0.000" asserts="0">
                                    <results>
                                      <test-case name="Macquarie.Evolve.Test.Unit.Shared.Utils.NetFxUtilTest.should_list_installed_net_fx_versions" executed="True" success="True" time="0.000" asserts="1" />
                                    </results>
                                  </test-suite>
                                  <test-suite name="Macquarie.Evolve.Test.Unit.Shared.Utils.STest" success="True" time="0.016" asserts="0">
                                    <results>
                                      <test-case name="Macquarie.Evolve.Test.Unit.Shared.Utils.STest.EscapeSpecialChars_should_prepend_back_slash_to_these_special_chars_used_in_regular_expression" executed="True" success="True" time="0.000" asserts="3" />
                                      <test-case name="Macquarie.Evolve.Test.Unit.Shared.Utils.STest.null_should_return_empty_true" executed="True" success="True" time="0.000" asserts="1" />
                                      <test-case name="Macquarie.Evolve.Test.Unit.Shared.Utils.STest.should_capitalize_first_characater_for_human_reading" executed="True" success="True" time="0.000" asserts="2" />
                                      <test-case name="Macquarie.Evolve.Test.Unit.Shared.Utils.STest.should_check_equals_without_casing" executed="True" success="True" time="0.000" asserts="5" />
                                      <test-case name="Macquarie.Evolve.Test.Unit.Shared.Utils.STest.should_compose_comma_seperated_string_for_guids" executed="True" success="True" time="0.000" asserts="1" />
                                      <test-case name="Macquarie.Evolve.Test.Unit.Shared.Utils.STest.should_compose_comma_seperated_string_for_strings" executed="True" success="True" time="0.000" asserts="1" />
                                      <test-case name="Macquarie.Evolve.Test.Unit.Shared.Utils.STest.should_create_byte_array" executed="True" success="True" time="0.000" asserts="2" />
                                      <test-case name="Macquarie.Evolve.Test.Unit.Shared.Utils.STest.should_extract_userId_from_ldap_address" executed="True" success="True" time="0.000" asserts="1" />
                                      <test-case name="Macquarie.Evolve.Test.Unit.Shared.Utils.STest.should_get_comma_joint_string_without_duplication" executed="True" success="True" time="0.000" asserts="1" />
                                      <test-case name="Macquarie.Evolve.Test.Unit.Shared.Utils.STest.should_get_user_name_from_full_login_name" executed="True" success="True" time="0.000" asserts="1" />
                                      <test-case name="Macquarie.Evolve.Test.Unit.Shared.Utils.STest.should_match_by_start" executed="True" success="True" time="0.000" asserts="6" />
                                      <test-case name="Macquarie.Evolve.Test.Unit.Shared.Utils.STest.should_match_containing_strings" executed="True" success="True" time="0.000" asserts="12" />
                                      <test-case name="Macquarie.Evolve.Test.Unit.Shared.Utils.STest.should_return_NA_if_string_is_null_or_empty" executed="True" success="True" time="0.000" asserts="2" />
                                      <test-case name="Macquarie.Evolve.Test.Unit.Shared.Utils.STest.should_throw_up_when_string_is_less_than_bytes_specifid" executed="True" success="True" time="0.000" asserts="0" />
                                      <test-case name="Macquarie.Evolve.Test.Unit.Shared.Utils.STest.single_line_should_return_empty_for_empty" executed="True" success="True" time="0.000" asserts="1" />
                                      <test-case name="Macquarie.Evolve.Test.Unit.Shared.Utils.STest.single_line_should_return_null_for_null" executed="True" success="True" time="0.000" asserts="1" />
                                      <test-case name="Macquarie.Evolve.Test.Unit.Shared.Utils.STest.single_line_should_return_the_first_line_if_multiple_exists" executed="True" success="True" time="0.000" asserts="5" />
                                    </results>
                                  </test-suite>
                                  <test-suite name="Macquarie.Evolve.Test.Unit.Shared.Utils.TimerSchedulerTest" success="True" time="0.500" asserts="0">
                                    <results>
                                      <test-case name="Macquarie.Evolve.Test.Unit.Shared.Utils.TimerSchedulerTest.should_be_able_to_restart_timer_if_it_was_stopped" executed="True" success="True" time="0.500" asserts="0" />
                                      <test-case name="Macquarie.Evolve.Test.Unit.Shared.Utils.TimerSchedulerTest.should_be_able_to_restart_while_already_started" executed="True" success="True" time="0.000" asserts="0" />
                                      <test-case name="Macquarie.Evolve.Test.Unit.Shared.Utils.TimerSchedulerTest.should_execute_each_time_the_timer_fires" executed="True" success="True" time="0.000" asserts="2" />
                                      <test-case name="Macquarie.Evolve.Test.Unit.Shared.Utils.TimerSchedulerTest.should_execute_task" executed="True" success="True" time="0.000" asserts="1" />
                                      <test-case name="Macquarie.Evolve.Test.Unit.Shared.Utils.TimerSchedulerTest.should_only_be_able_to_set_task_once" executed="True" success="True" time="0.000" asserts="0" />
                                      <test-case name="Macquarie.Evolve.Test.Unit.Shared.Utils.TimerSchedulerTest.should_reset_timer_to_default_interval" executed="True" success="True" time="0.000" asserts="0" />
                                      <test-case name="Macquarie.Evolve.Test.Unit.Shared.Utils.TimerSchedulerTest.should_runOnce" executed="True" success="True" time="0.000" asserts="0" />
                                    </results>
                                  </test-suite>
                                  <test-suite name="Macquarie.Evolve.Test.Unit.Shared.Utils.TraceTest" success="True" time="0.063" asserts="0">
                                    <results>
                                      <test-case name="Macquarie.Evolve.Test.Unit.Shared.Utils.TraceTest.BindsAMethodCallToString" executed="True" success="True" time="0.047" asserts="14" />
                                      <test-case name="Macquarie.Evolve.Test.Unit.Shared.Utils.TraceTest.ShouldThrowExceptionWhenTryToTraceAbstractClass" executed="True" success="True" time="0.000" asserts="0" />
                                      <test-case name="Macquarie.Evolve.Test.Unit.Shared.Utils.TraceTest.ThrowTraceExceptionWhenChainedMethodIsNotVirtual" executed="False">
                                        <reason>
                                          <message><![CDATA[Missing Feature- Gabbar.]]></message>
                                        </reason>
                                      </test-case>
                                      <test-case name="Macquarie.Evolve.Test.Unit.Shared.Utils.TraceTest.ThrowTraceExceptionWhenMethodIsNotVirtual" executed="True" success="True" time="0.000" asserts="0" />
                                      <test-case name="Macquarie.Evolve.Test.Unit.Shared.Utils.TraceTest.ThrowTraceExceptionWhenTraceMemberIsNotCalled" executed="True" success="True" time="0.000" asserts="1" />
                                      <test-case name="Macquarie.Evolve.Test.Unit.Shared.Utils.TraceTest.ValidationKeyMember" executed="True" success="True" time="0.000" asserts="7" />
                                      <test-case name="Macquarie.Evolve.Test.Unit.Shared.Utils.TraceTest.VirtualMethodCallInConstructor" executed="False">
                                        <reason>
                                          <message><![CDATA[Missing Feature]]></message>
                                        </reason>
                                      </test-case>
                                    </results>
                                  </test-suite>
                                </results>
                              </test-suite>
                            </results>
                          </test-suite>
                        </results>
                      </test-suite>
                    </results>
                  </test-suite>
                </results>
              </test-suite>
            </results>
          </test-suite>
        </results>
      </test-suite>
    </results>
  </test-suite>
</test-results>
