<?xml version="1.0" encoding="UTF-8" ?>
<!-- *
 * Copyright 2020 ThoughtWorks, Inc.
 *
 * Licensed under the Apache License, Version 2.0 (the "License");
 * you may not use this file except in compliance with the License.
 * You may obtain a copy of the License at
 *
 *    http://www.apache.org/licenses/LICENSE-2.0
 *
 * Unless required by applicable law or agreed to in writing, software
 * distributed under the License is distributed on an "AS IS" BASIS,
 * WITHOUT WARRANTIES OR CONDITIONS OF ANY KIND, either express or implied.
 * See the License for the specific language governing permissions and
 * limitations under the License.
 * -->

<testsuite errors="0" failures="3" hostname="CceDev01" name="com.thoughtworks.go.domain.UnitTestReportGeneratorTest" tests="4" time="0.836" timestamp="2008-03-04T03:34:53">
  <properties>
[...]
</properties>
  <testcase classname="com.thoughtworks.go.domain.UnitTestReportGeneratorTest" name="shouldGenerateReportForNUnit" time="0.259" />
  <testcase classname="com.thoughtworks.go.domain.UnitTestReportGeneratorTest" name="shouldGenerateReportForJUnitAlso" time="0.089">
    <failure message="
Expected: is &lt;2&gt;
     got: &lt;3&gt;
" type="junit.framework.AssertionFailedError"><![CDATA[junit.framework.AssertionFailedError:
Expected: is &lt;2&gt;
     got: &lt;3&gt;

Expected: is &lt;2&gt;
     got: &lt;3&gt;

	at com.thoughtworks.go.domain.UnitTestReportGeneratorTest.shouldGenerateReportForJUnitAlso(UnitTestReportGeneratorTest.java:60)
	at org.jmock.integration.junit4.JMock$1.invoke(JMock.java:36)
]]></failure>
  </testcase>
  <testcase classname="com.thoughtworks.go.domain.UnitTestReportGeneratorTest" name="shouldGenerateReportForJUnitWithMultipleFiles" time="0.142">
    <failure message="
Expected: is &lt;3&gt;
     got: &lt;5&gt;
" type="junit.framework.AssertionFailedError"><![CDATA[junit.framework.AssertionFailedError:
Expected: is &lt;3&gt;
     got: &lt;5&gt;

Expected: is &lt;3&gt;
     got: &lt;5&gt;

	at com.thoughtworks.go.domain.UnitTestReportGeneratorTest.shouldGenerateReportForJUnitWithMultipleFiles(UnitTestReportGeneratorTest.java:79)
	at org.jmock.integration.junit4.JMock$1.invoke(JMock.java:36)
]]></failure>
  </testcase>
  <testcase classname="com.thoughtworks.go.domain.UnitTestReportGeneratorTest" name="shouldGenerateReportForNUnitGivenMutipleInputFiles" time="0.34">
    <failure message="
Expected: is &lt;3&gt;
     got: &lt;7&gt;
" type="junit.framework.AssertionFailedError"><![CDATA[junit.framework.AssertionFailedError:
Expected: is &lt;3&gt;
     got: &lt;7&gt;

Expected: is &lt;3&gt;
     got: &lt;7&gt;

	at com.thoughtworks.go.domain.UnitTestReportGeneratorTest.shouldGenerateReportForNUnitGivenMutipleInputFiles(UnitTestReportGeneratorTest.java:94)
	at org.jmock.integration.junit4.JMock$1.invoke(JMock.java:36)
]]></failure>
  </testcase>
  <system-out><![CDATA[]]></system-out>
  <system-err><![CDATA[]]></system-err>
</testsuite>
