<?xml version="1.0" encoding="UTF-8" ?>
<!-- *
 * Copyright 2020 ThoughtWorks, Inc.
 *
 * Licensed under the Apache License, Version 2.0 (the "License");
 * you may not use this file except in compliance with the License.
 * You may obtain a copy of the License at
 *
 *    http://www.apache.org/licenses/LICENSE-2.0
 *
 * Unless required by applicable law or agreed to in writing, software
 * distributed under the License is distributed on an "AS IS" BASIS,
 * WITHOUT WARRANTIES OR CONDITIONS OF ANY KIND, either express or implied.
 * See the License for the specific language governing permissions and
 * limitations under the License.
 * -->

<testsuite errors="1" failures="0" hostname="phydeaux3.corporate.thoughtworks.com" name="com.thoughtworks.studios.shine.semweb.jena.JenaBoundVariablesTest" tests="16" time="0.048" timestamp="2009-12-18T22:00:33">
  <properties>
[...]
</properties>
  <testcase classname="com.thoughtworks.studios.shine.semweb.jena.JenaBoundVariablesTest" name="getNodeReturnsCorrectValueWhenALiteral" time="0.0020" />
  <testcase classname="com.thoughtworks.studios.shine.semweb.jena.JenaBoundVariablesTest" name="getNodeReturnsCorrectValueWhenAResource" time="0.0020" />
  <testcase classname="com.thoughtworks.studios.shine.semweb.jena.JenaBoundVariablesTest" name="getStringReturnsCorrectlyTypedValue" time="0.0020" />
  <testcase classname="com.thoughtworks.studios.shine.semweb.jena.JenaBoundVariablesTest" name="getStringReturnsNullWhenVariableNotBound" time="0.0040">
    <error message="Line 1, column 194: Unresolved prefixed name: minle:name" type="com.hp.hpl.jena.query.QueryParseException">com.hp.hpl.jena.query.QueryParseException:
      Line 1, column 194: Unresolved prefixed name: minle:name
      at com.hp.hpl.jena.sparql.lang.ParserBase.throwParseException(ParserBase.java:543)
      at com.hp.hpl.jena.sparql.lang.ParserBase.resolvePName(ParserBase.java:232)
      at com.hp.hpl.jena.sparql.lang.arq.ARQParser.PrefixedName(ARQParser.java:3386)
      at com.hp.hpl.jena.sparql.lang.arq.ARQParser.IRIref(ARQParser.java:3370)
      at com.hp.hpl.jena.sparql.lang.arq.ARQParser.PathPrimary(ARQParser.java:2206)
      at com.hp.hpl.jena.sparql.lang.arq.ARQParser.PathElt(ARQParser.java:2103)
      at com.hp.hpl.jena.sparql.lang.arq.ARQParser.PathEltOrReverse(ARQParser.java:2128)
      at com.hp.hpl.jena.sparql.lang.arq.ARQParser.PathSequence(ARQParser.java:2067)
      at com.hp.hpl.jena.sparql.lang.arq.ARQParser.PathAlternative(ARQParser.java:2046)
      at com.hp.hpl.jena.sparql.lang.arq.ARQParser.Path(ARQParser.java:2039)
      at com.hp.hpl.jena.sparql.lang.arq.ARQParser.VerbPath(ARQParser.java:2010)
      at com.hp.hpl.jena.sparql.lang.arq.ARQParser.PropertyListNotEmptyPath(ARQParser.java:1932)
      at com.hp.hpl.jena.sparql.lang.arq.ARQParser.TriplesSameSubjectPath(ARQParser.java:1908)
      at com.hp.hpl.jena.sparql.lang.arq.ARQParser.TriplesBlock(ARQParser.java:1399)
      at com.hp.hpl.jena.sparql.lang.arq.ARQParser.GroupGraphPatternSub(ARQParser.java:1297)
      at com.hp.hpl.jena.sparql.lang.arq.ARQParser.GroupGraphPattern(ARQParser.java:1259)
      at com.hp.hpl.jena.sparql.lang.arq.ARQParser.OptionalGraphPattern(ARQParser.java:1487)
      at com.hp.hpl.jena.sparql.lang.arq.ARQParser.GraphPatternNotTriples(ARQParser.java:1449)
      at com.hp.hpl.jena.sparql.lang.arq.ARQParser.GroupGraphPatternSub(ARQParser.java:1334)
      at com.hp.hpl.jena.sparql.lang.arq.ARQParser.GroupGraphPattern(ARQParser.java:1259)
      at com.hp.hpl.jena.sparql.lang.arq.ARQParser.WhereClause(ARQParser.java:468)
      at com.hp.hpl.jena.sparql.lang.arq.ARQParser.SelectQuery(ARQParser.java:136)
      at com.hp.hpl.jena.sparql.lang.arq.ARQParser.Query(ARQParser.java:64)
      at com.hp.hpl.jena.sparql.lang.arq.ARQParser.QueryUnit(ARQParser.java:57)
      at com.hp.hpl.jena.sparql.lang.ParserARQ$1.exec(ParserARQ.java:35)
      at com.hp.hpl.jena.sparql.lang.ParserARQ.perform(ParserARQ.java:82)
      at com.hp.hpl.jena.sparql.lang.ParserARQ.parse(ParserARQ.java:39)
      at com.hp.hpl.jena.query.QueryFactory.parse(QueryFactory.java:129)
      at com.hp.hpl.jena.query.QueryFactory.create(QueryFactory.java:72)
      at com.hp.hpl.jena.query.QueryFactory.create(QueryFactory.java:43)
      at com.thoughtworks.studios.shine.semweb.jena.InMemoryGraphFactory.selectFirst(Graph.java:101)
      at
      com.thoughtworks.studios.shine.semweb.jena.JenaBoundVariablesTest.getStringReturnsNullWhenVariableNotBound(JenaBoundVariablesTest.java:83)
    </error>
  </testcase>
  <testcase classname="com.thoughtworks.studios.shine.semweb.jena.JenaBoundVariablesTest" name="getBooleanReturnsCorrectlyTypedValue" time="0.0020" />
  <testcase classname="com.thoughtworks.studios.shine.semweb.jena.JenaBoundVariablesTest" name="getBooleanReturnsNullWhenVariableNotBound" time="0.0020" />
  <testcase classname="com.thoughtworks.studios.shine.semweb.jena.JenaBoundVariablesTest" name="getDecimalReturnsNullWhenVariableNotBound" time="0.0020" />
  <testcase classname="com.thoughtworks.studios.shine.semweb.jena.JenaBoundVariablesTest" name="getDecimalReturnsCorrectlyTypedValue" time="0.0020" />
  <testcase classname="com.thoughtworks.studios.shine.semweb.jena.JenaBoundVariablesTest" name="getDecimalCopesWithJenaDemotingNumericTypes" time="0.0020" />
  <testcase classname="com.thoughtworks.studios.shine.semweb.jena.JenaBoundVariablesTest" name="getResourceReturnsNullWhenVariableNotBound" time="0.0050" />
  <testcase classname="com.thoughtworks.studios.shine.semweb.jena.JenaBoundVariablesTest" name="getResourceReturnsCorrectlyTypedValue" time="0.0030" />
  <testcase classname="com.thoughtworks.studios.shine.semweb.jena.JenaBoundVariablesTest" name="getDateTimeReturnsCorrectlyTypedValue" time="0.0020" />
  <testcase classname="com.thoughtworks.studios.shine.semweb.jena.JenaBoundVariablesTest" name="getDateTimeReturnsNullWhenVariableNotBound" time="0.0020" />
  <testcase classname="com.thoughtworks.studios.shine.semweb.jena.JenaBoundVariablesTest" name="ensureDefautlConstructorDoesntExplodeAndGettersReturnNull" time="0.0" />
  <testcase classname="com.thoughtworks.studios.shine.semweb.jena.JenaBoundVariablesTest" name="checkThatIsLiteralReturnsFalseWhenBoundVariableIsAResource" time="0.0020" />
  <testcase classname="com.thoughtworks.studios.shine.semweb.jena.JenaBoundVariablesTest" name="checkThatIsLiteralReturnsTrueWhenBoundVariableIsAString" time="0.0020" />
  <system-out><![CDATA[]]></system-out>
  <system-err><![CDATA[]]></system-err>
</testsuite>
