<?xml version="1.0" encoding="UTF-8" ?>
<!-- *
 * Copyright 2021 ThoughtWorks, Inc.
 *
 * Licensed under the Apache License, Version 2.0 (the "License");
 * you may not use this file except in compliance with the License.
 * You may obtain a copy of the License at
 *
 *    http://www.apache.org/licenses/LICENSE-2.0
 *
 * Unless required by applicable law or agreed to in writing, software
 * distributed under the License is distributed on an "AS IS" BASIS,
 * WITHOUT WARRANTIES OR CONDITIONS OF ANY KIND, either express or implied.
 * See the License for the specific language governing permissions and
 * limitations under the License.
 * -->

<testsuite errors="0" failures="0" hostname="phydeaux3.corporate.thoughtworks.com" name="com.thoughtworks.studios.shine.cruise.GoOntologyTest" tests="2" time="0.601" timestamp="2009-12-18T20:26:42">
  <properties>
[...]
</properties>
  <testcase classname="com.thoughtworks.studios.shine.cruise.GoOntologyTest" name="canCreateGraph" time="0.57" />
  <testcase classname="com.thoughtworks.studios.shine.cruise.GoOntologyTest" name="canGetPipelineName" time="0.027" />
  <system-out><![CDATA[]]></system-out>
  <system-err><![CDATA[]]></system-err>
</testsuite>
