<?xml version="1.0" encoding="UTF-8"?>
<!-- *
 * Copyright 2020 ThoughtWorks, Inc.
 *
 * Licensed under the Apache License, Version 2.0 (the "License");
 * you may not use this file except in compliance with the License.
 * You may obtain a copy of the License at
 *
 *    http://www.apache.org/licenses/LICENSE-2.0
 *
 * Unless required by applicable law or agreed to in writing, software
 * distributed under the License is distributed on an "AS IS" BASIS,
 * WITHOUT WARRANTIES OR CONDITIONS OF ANY KIND, either express or implied.
 * See the License for the specific language governing permissions and
 * limitations under the License.
 * -->

<testsuite failures="0" time="0.035019" assertions="10" tests="7" errors="0" name="PurchasesControllerTest">
  <testcase time="0.006614" assertions="2" name="test_should_create_purchase">
  </testcase>
  <testcase time="0.003712" assertions="2" name="test_should_destroy_purchase">
  </testcase>
  <testcase time="0.006152" assertions="1" name="test_should_get_edit">
  </testcase>
  <testcase time="0.006782" assertions="2" name="test_should_get_index">
  </testcase>
  <testcase time="0.003932" assertions="1" name="test_should_get_new">
  </testcase>
  <testcase time="0.003591" assertions="1" name="test_should_show_purchase">
  </testcase>
  <testcase time="0.003813" assertions="1" name="test_should_update_purchase">
  </testcase>
  <system-out>
    <![CDATA[]]>
  </system-out>
  <system-err>
    <![CDATA[]]>
  </system-err>
</testsuite>
