<?xml version="1.0" encoding="UTF-8" ?>
<!-- *
 * Copyright 2021 ThoughtWorks, Inc.
 *
 * Licensed under the Apache License, Version 2.0 (the "License");
 * you may not use this file except in compliance with the License.
 * You may obtain a copy of the License at
 *
 *    http://www.apache.org/licenses/LICENSE-2.0
 *
 * Unless required by applicable law or agreed to in writing, software
 * distributed under the License is distributed on an "AS IS" BASIS,
 * WITHOUT WARRANTIES OR CONDITIONS OF ANY KIND, either express or implied.
 * See the License for the specific language governing permissions and
 * limitations under the License.
 * -->

<testsuite errors="1" failures="0" hostname="shine-workstation-1" name="ShineReadsCruiseStagesCompletedFeed.scn" tests="1" time="4.079" timestamp="2010-03-25T21:18:03">
  <properties />
  <testcase classname="com.thoughtworks.twist.core.execution.ant.XMLJunitOutputListener$TestWrapper" name="ShineReadsCruiseStagesCompletedFeed.scn" time="4.079">
    <error message="error message" type="com.thoughtworks.twist.core.execution.ErrorInfo">&lt;?xml version=&quot;1.0&quot; encoding=&quot;UTF-8&quot;?&gt;&lt;div class=&quot;scenario&quot;&gt;
&lt;h1 line=&quot;2&quot;&gt;Using Backdoor:&lt;/h1&gt;
&lt;li line=&quot;3&quot;&gt;read Cruise stages feed&lt;/li&gt;
&lt;h1 line=&quot;8&quot;&gt;Verify stages and jobs are imported&lt;/h1&gt;
&lt;h1 line=&quot;9&quot;&gt;&lt;div class=&quot;error-line&quot;&gt;Using SPARQL Endpoint:&lt;/div&gt;&lt;a href=&quot;../screenshots/ShineReadsCruiseStagesCompletedFeed.scn.png&quot;&gt;&lt;img alt=&quot;Screenshot&quot; class=&quot;thumbnail&quot; src=&quot;../screenshots/ShineReadsCruiseStagesCompletedFeed.scn_thumb.png&quot;/&gt;&lt;/a&gt;&lt;/h1&gt;
&lt;li line=&quot;10&quot;&gt;Verify resource at Cruise URI &quot;stages/1.xml&quot; is failed stage &quot;name1&quot; with counter &quot;1&quot;&lt;/li&gt;
&lt;li line=&quot;11&quot;&gt;Verify stage &quot;stages/1.xml&quot; has passed job &quot;compile&quot; with Cruise URI &quot;jobs/1.xml&quot;&lt;/li&gt;
&lt;li line=&quot;12&quot;&gt;Verify stage &quot;stages/1.xml&quot; has failed job &quot;test&quot; with Cruise URI &quot;jobs/2.xml&quot;&lt;/li&gt;
&lt;li line=&quot;13&quot;&gt;Verify resource at Cruise URI &quot;stages/2.xml&quot; is passed stage &quot;name1&quot; with counter &quot;3&quot;&lt;/li&gt;
&lt;li line=&quot;14&quot;&gt;Verify stage &quot;stages/2.xml&quot; has passed job &quot;compile&quot; with Cruise URI &quot;jobs/3.xml&quot;&lt;/li&gt;
&lt;li line=&quot;15&quot;&gt;Verify stage &quot;stages/2.xml&quot; has passed job &quot;test&quot; with Cruise URI &quot;jobs/4.xml&quot;&lt;/li&gt;
&lt;h1 line=&quot;21&quot;&gt;Verify a job&apos;s properties are imported&lt;/h1&gt;
&lt;h1 line=&quot;22&quot;&gt;Using SPARQL endpoint:&lt;/h1&gt;
&lt;li line=&quot;23&quot;&gt;Verify job &quot;jobs/1.xml&quot; has Cruise property &quot;cruise_job_id&quot; with value &quot;107&quot;&lt;/li&gt;
&lt;li line=&quot;24&quot;&gt;Verify job &quot;jobs/1.xml&quot; has Cruise property &quot;os&quot; with value &quot;OpenBSD&quot;&lt;/li&gt;
&lt;h1 line=&quot;30&quot;&gt;Verify JUnit test cases are imported&lt;/h1&gt;
&lt;h1 line=&quot;31&quot;&gt;Using SPARQL endpoint:&lt;/h1&gt;
&lt;li line=&quot;32&quot;&gt;Verify &quot;jobs/1.xml&quot; has no test cases&lt;/li&gt;
&lt;li line=&quot;33&quot;&gt;Verify &quot;jobs/2.xml&quot; has test suite &quot;com.foobar.ATestSuite&quot; with errored test case &quot;test1&quot;&lt;/li&gt;
&lt;li line=&quot;34&quot;&gt;Verify &quot;jobs/2.xml&quot; has test suite &quot;com.foobar.ATestSuite&quot; with passed test case &quot;test2&quot;&lt;/li&gt;
&lt;li line=&quot;35&quot;&gt;Verify &quot;jobs/3.xml&quot; has no test cases&lt;/li&gt;
&lt;li line=&quot;36&quot;&gt;Verify &quot;jobs/4.xml&quot; has test suite &quot;com.foobar.ATestSuite&quot; with passed test case &quot;test1&quot;&lt;/li&gt;
&lt;li line=&quot;37&quot;&gt;Verify &quot;jobs/4.xml&quot; has test suite &quot;com.foobar.ATestSuite&quot; with passed test case &quot;test2&quot;&lt;/li&gt;
&lt;h1 line=&quot;43&quot;&gt;Verify Artifacts are imported&lt;/h1&gt;
&lt;h1 line=&quot;44&quot;&gt;Using SPARQL Endpoint:&lt;/h1&gt;
&lt;li line=&quot;45&quot;&gt;Verify no artifacts for &quot;jobs/1.xml&quot;&lt;/li&gt;
&lt;li line=&quot;46&quot;&gt;Find artifacts for &quot;jobs/2.xml&quot; at base dir &quot;artifacts-base-dir/2&quot; locatable at Cruise URL &quot;artifacts&quot;&lt;/li&gt;
&lt;li line=&quot;47&quot;&gt;Verify artifacts has &quot;unit&quot; artifact at &quot;junit&quot;&lt;/li&gt;
&lt;li line=&quot;48&quot;&gt;Verify no artifacts for &quot;jobs/3.xml&quot;&lt;/li&gt;
&lt;li line=&quot;49&quot;&gt;Find artifacts for &quot;jobs/4.xml&quot; at base dir &quot;artifacts-base-dir/4&quot; locatable at Cruise URL &quot;artifacts&quot;&lt;/li&gt;
&lt;li line=&quot;50&quot;&gt;Verify artifacts has &quot;unit&quot; artifact at &quot;junit&quot;&lt;/li&gt;
&lt;/div&gt;ShineReadsCruiseStagesCompletedFeed.scn:9
java.lang.RuntimeException: error message
	at com.thoughtworks.studios.shine.twist.UsingSPARQLEndpoint.verifyResourceAtCruiseURIIsFailedStageWithCounter(UsingSPARQLEndpoint.java:50)
</error>
  </testcase>
</testsuite>
