<?xml version="1.0" encoding="utf-8" standalone="no"?>
<!-- *
 * Copyright 2020 ThoughtWorks, Inc.
 *
 * Licensed under the Apache License, Version 2.0 (the "License");
 * you may not use this file except in compliance with the License.
 * You may obtain a copy of the License at
 *
 *    http://www.apache.org/licenses/LICENSE-2.0
 *
 * Unless required by applicable law or agreed to in writing, software
 * distributed under the License is distributed on an "AS IS" BASIS,
 * WITHOUT WARRANTIES OR CONDITIONS OF ANY KIND, either express or implied.
 * See the License for the specific language governing permissions and
 * limitations under the License.
 * -->

<test-results name="/home/erik/coding/test/nunittests/Tests.dll" total="4" failures="1" not-run="0" date="2007-07-27" time="11:18:43">
  <environment nunit-version="2.2.8.0" clr-version="2.0.50727.42" os-version="Unix 2.6.18.4" platform="Unix" cwd="/home/erik/coding/test/nunittests" machine-name="akira.ramfelt.se" user="erik" user-domain="akira.ramfelt.se" />
  <culture-info current-culture="sv-SE" current-uiculture="sv-SE" />
  <test-suite name="/home/erik/coding/test/nunittests/Tests.dll" success="False" time="0.404" asserts="0">
    <results>
      <test-suite name="UnitTests" success="False" time="0.393" asserts="0">
        <results>
          <test-suite name="UnitTests.MainClassTest" success="False" time="0.289" asserts="0">
            <results>
              <test-case name="UnitTests.MainClassTest.TestPropertyValue" executed="True" success="True" time="0.146" asserts="1" />
              <test-case name="UnitTests.MainClassTest.TestMethodUpdateValue" executed="True" success="True" time="0.001" asserts="1" />
              <test-case name="UnitTests.MainClassTest.TestFailure" executed="True" success="False" time="0.092" asserts="1">
                <failure>
                  <message><![CDATA[  Expected failure
  Expected: 30
  But was:  20
]]></message>
                  <stack-trace><![CDATA[  at UnitTests.MainClassTest.TestFailure () [0x00000]
  at <0x00000> <unknown method>
  at (wrapper managed-to-native) System.Reflection.MonoMethod:InternalInvoke (object,object[])
  at System.Reflection.MonoMethod.Invoke (System.Object obj, BindingFlags invokeAttr, System.Reflection.Binder binder, System.Object[] parameters, System.Globalization.CultureInfo culture) [0x00000]
]]></stack-trace>
                </failure>
              </test-case>
            </results>
          </test-suite>
        </results>
      </test-suite>
    </results>
  </test-suite>
</test-results>
