<?xml version="1.0" encoding="UTF-8" ?>
<!-- *
 * Copyright 2020 ThoughtWorks, Inc.
 *
 * Licensed under the Apache License, Version 2.0 (the "License");
 * you may not use this file except in compliance with the License.
 * You may obtain a copy of the License at
 *
 *    http://www.apache.org/licenses/LICENSE-2.0
 *
 * Unless required by applicable law or agreed to in writing, software
 * distributed under the License is distributed on an "AS IS" BASIS,
 * WITHOUT WARRANTIES OR CONDITIONS OF ANY KIND, either express or implied.
 * See the License for the specific language governing permissions and
 * limitations under the License.
 * -->

<testsuites>
  <testsuite errors="0" failures="0" hostname="twist-xp-03" id="115" name="scn" package="NoErrorMarkUpsAfterApplyingFixtures" tests="1" time="9.446" timestamp="2010-04-05T13:36:48">
      <properties />

      <testcase classname="com.thoughtworks.twist.core.execution.ant.XMLJunitOutputListener$TestWrapper" name="NoErrorMarkUpsAfterApplyingFixtures.scn" time="9.446" />

  </testsuite>
  <testsuite errors="1" failures="0" hostname="twist-xp-03" id="116" name="scn" package="Parameter type matching in data table" tests="1" time="21.205" timestamp="2010-04-05T13:36:57">
      <properties />

      <testcase classname="com.thoughtworks.twist.core.execution.ant.XMLJunitOutputListener$TestWrapper" name="Parameter type matching in data table.scn" time="21.189">
          <failure message="Timeout after: 3000 ms.: The text &apos;123&apos; was not of style &apos;BoldItalic&apos;" type="xunit.thoughtworks.twist.core.execution.ErrorInfo">&lt;?xml version=&quot;1.0&quot; encoding=&quot;UTF-8&quot; standalone=&quot;no&quot;?&gt;&lt;div class=&quot;scenario&quot;&gt;&lt;h1 line=&quot;6&quot;&gt;For Workflow Steps in Data table&lt;/h1&gt;&lt;h1 line=&quot;7&quot;&gt;Scenario Creation, Workflow Fixture, Workflow Quick Fix, Error Markup Fixtures, Comments Style Fixtures, Table Driven Scenario:&lt;/h1&gt;&lt;li line=&quot;8&quot;&gt;Create new scenario&lt;/li&gt;&lt;li line=&quot;9&quot;&gt;Create new workflow &quot;Parameter Type Matching&quot;&lt;/li&gt;&lt;li line=&quot;10&quot;&gt;Add workflow step &quot;Step with an integer parameter \&quot;100\&quot;&quot; &lt;/li&gt;&lt;li line=&quot;11&quot;&gt;Add workflow step &quot;Step with a boolean parameter \&quot;true\&quot;&quot;&lt;/li&gt;&lt;li line=&quot;12&quot;&gt;Add workflow step &quot;Step with a double parameter \&quot;100.111\&quot;&quot;&lt;/li&gt;&lt;li line=&quot;13&quot;&gt;Create fixture for the workflow steps&lt;/li&gt;&lt;li line=&quot;14&quot;&gt;Create data table for scenario where data values are populated automatically and duplicates are merged automatically&lt;/li&gt;&lt;li line=&quot;15&quot;&gt;Click ok to create data table&lt;/li&gt;&lt;li line=&quot;16&quot;&gt;Add row to data table with values &quot;string,false,99.99&quot;&lt;/li&gt;&lt;li line=&quot;17&quot;&gt;Add row to data table with values &quot;88,123,89.4&quot;&lt;/li&gt;&lt;li line=&quot;18&quot;&gt;Add row to data table with values &quot;76,false,myname&quot;&lt;/li&gt;&lt;li line=&quot;19&quot;&gt;Verify for error markup of mismatched parameter in workflow step &quot;string&quot;&lt;/li&gt;&lt;li line=&quot;20&quot;&gt;Double click on the error markup of mismatched parameter in workflow step &quot;string&quot;&lt;/li&gt;&lt;li line=&quot;21&quot;&gt;Verify that the parameter &quot;string&quot; is styled as unmatched&lt;/li&gt;&lt;li line=&quot;22&quot;&gt;Verify that the workflow step &quot;Step with an integer parameter \&quot;string\&quot;&quot; is below &quot;Parameter Type Matching&quot;&lt;/li&gt;&lt;li line=&quot;23&quot;&gt;Verify that the workflow step &quot;Step with a boolean parameter \&quot;false\&quot;&quot; is below &quot;Step with an integer parameter \&quot;string\&quot;&quot;&lt;/li&gt;&lt;li line=&quot;24&quot;&gt;Verify that the workflow step &quot;Step with a double parameter \&quot;99.99\&quot;&quot; is below &quot;Step with a boolean parameter \&quot;false\&quot;&quot;&lt;/li&gt;&lt;li line=&quot;25&quot;&gt;Verify for error markup of mismatched parameter in workflow step &quot;123&quot;&lt;/li&gt;&lt;li line=&quot;26&quot;&gt;&lt;div class=&quot;error-line&quot;&gt;Double click on the error markup of mismatched parameter in workflow step &quot;123&quot;&lt;/div&gt;&lt;a href=&quot;../screenshots/Parameter type matching in data table.scn.png&quot;&gt;&lt;img alt=&quot;Screenshot&quot; class=&quot;thumbnail&quot; src=&quot;../screenshots/Parameter type matching in data table.scn_thumb.png&quot;/&gt;&lt;/a&gt;&lt;/li&gt;&lt;li line=&quot;27&quot;&gt;Verify that the parameter &quot;123&quot; is styled as unmatched&lt;/li&gt;&lt;li line=&quot;28&quot;&gt;Verify that the workflow step &quot;Step with an integer parameter \&quot;88\&quot;&quot; is below &quot;Parameter Type Matching&quot;&lt;/li&gt;&lt;li line=&quot;29&quot;&gt;Verify that the workflow step &quot;Step with a boolean parameter \&quot;123\&quot;&quot; is below &quot;Step with an integer parameter \&quot;88\&quot;&quot;&lt;/li&gt;&lt;li line=&quot;30&quot;&gt;Verify that the workflow step &quot;Step with a double parameter \&quot;89.4\&quot;&quot; is below &quot;Step with a boolean parameter \&quot;123\&quot;&quot;&lt;/li&gt;&lt;li line=&quot;31&quot;&gt;Verify for error markup of mismatched parameter in workflow step &quot;myname&quot;&lt;/li&gt;&lt;li line=&quot;32&quot;&gt;Double click on the error markup of mismatched parameter in workflow step &quot;myname&quot;&lt;/li&gt;&lt;li line=&quot;33&quot;&gt;Verify that the parameter &quot;myname&quot; is styled as unmatched&lt;/li&gt;&lt;li line=&quot;34&quot;&gt;Verify that the workflow step &quot;Step with an integer parameter \&quot;76\&quot;&quot; is below &quot;Parameter Type Matching&quot;&lt;/li&gt;&lt;li line=&quot;35&quot;&gt;Verify that the workflow step &quot;Step with a boolean parameter \&quot;false\&quot;&quot; is below &quot;Step with an integer parameter \&quot;76\&quot;&quot;&lt;/li&gt;&lt;li line=&quot;36&quot;&gt;Verify that the workflow step &quot;Step with a double parameter \&quot;myname\&quot;&quot; is below &quot;Step with a boolean parameter \&quot;false\&quot;&quot;&lt;/li&gt;&lt;/div&gt;Parameter type matching in data table.scn:26
org.eclipse.swtbot.swt.finder.widgets.TimeoutException: Timeout after: 3000 ms.: The text &apos;123&apos; was not of style &apos;BoldItalic&apos;
	at org.eclipse.swtbot.swt.finder.SWTBotFactory.waitUntil(SWTBotFactory.java:396)
	at org.eclipse.swtbot.swt.finder.SWTBotFactory.waitUntil(SWTBotFactory.java:370)
	at com.thoughtworks.twisttests.eclipse.ui.swtbot.fixtures.comments.CommentsStyleFixtures.verifyThatThePartialTextStyleIs(CommentsStyleFixtures.java:55)
	at com.thoughtworks.twisttests.eclipse.ui.swtbot.fixtures.comments.CommentsStyleFixtures.verifyStyleOfPartialTextIsBoldAndItalics(CommentsStyleFixtures.java:46)
	at com.thoughtworks.twisttests.eclipse.ui.swtbot.fixtures.comments.CommentsStyleFixtures.verifyThatTheParameterIsStyledAsUnmatched(CommentsStyleFixtures.java:313)
</failure>

      </testcase>

  </testsuite>
  <testsuite errors="0" failures="0" hostname="twist-xp-03" id="117" name="scn" package="PreconditionsWithMultipleParametersAndCreateContext" tests="1" time="15.412" timestamp="2010-04-05T13:37:19">
      <properties />

      <testcase classname="com.thoughtworks.twist.core.execution.ant.XMLJunitOutputListener$TestWrapper" name="PreconditionsWithMultipleParametersAndCreateContext.scn" time="15.412" />

  </testsuite>
</testsuites>
