<!--
  ~ Copyright 2024 Thoughtworks, Inc.
  ~
  ~ Licensed under the Apache License, Version 2.0 (the "License");
  ~ you may not use this file except in compliance with the License.
  ~ You may obtain a copy of the License at
  ~
  ~     http://www.apache.org/licenses/LICENSE-2.0
  ~
  ~ Unless required by applicable law or agreed to in writing, software
  ~ distributed under the License is distributed on an "AS IS" BASIS,
  ~ WITHOUT WARRANTIES OR CONDITIONS OF ANY KIND, either express or implied.
  ~ See the License for the specific language governing permissions and
  ~ limitations under the License.
  -->

<testsuites>
  <testsuite errors="0" failures="0" hostname="57ceaf161752" name="pytest" skipped="0" tests="1" time="17.323"
             timestamp="2023-01-04T17:55:43.134227">
    <testcase classname="tests.auth_test.SimpleAuthTest" file="tests/auth_test.py" line="24"
              name="test_backup_via_unprivileged_user" time="15.839"></testcase>
  </testsuite>
</testsuites>