<?xml version="1.0" encoding="UTF-8"?>
<!-- *
 * Copyright 2021 ThoughtWorks, Inc.
 *
 * Licensed under the Apache License, Version 2.0 (the "License");
 * you may not use this file except in compliance with the License.
 * You may obtain a copy of the License at
 *
 *    http://www.apache.org/licenses/LICENSE-2.0
 *
 * Unless required by applicable law or agreed to in writing, software
 * distributed under the License is distributed on an "AS IS" BASIS,
 * WITHOUT WARRANTIES OR CONDITIONS OF ANY KIND, either express or implied.
 * See the License for the specific language governing permissions and
 * limitations under the License.
 * -->

<testsuite time="0.207326" tests="7" errors="1" assertions="8" name="PostsControllerTest" failures="0">
  <testcase time="0.1755" assertions="2" name="test_should_create_post">
  </testcase>
  <testcase time="0.005411" assertions="2" name="test_should_destroy_post">
  </testcase>
  <testcase time="0.009792" assertions="1" name="test_should_get_edit">
  </testcase>
  <testcase time="0.001781" assertions="0" name="test_should_get_index">
    <error type="RuntimeError" message="there was some error">
there was some error (RuntimeError)
/tmp/foo/app/controllers/posts_controller.rb:5:in `index'
/var/lib/gems/1.8/gems/actionpack-2.3.5/lib/action_controller/base.rb:1331:in `send'
/var/lib/gems/1.8/gems/actionpack-2.3.5/lib/action_controller/base.rb:1331:in `perform_action_without_filters'
/var/lib/gems/1.8/gems/actionpack-2.3.5/lib/action_controller/filters.rb:617:in `call_filters'
/var/lib/gems/1.8/gems/actionpack-2.3.5/lib/action_controller/filters.rb:610:in `perform_action_without_benchmark'
/var/lib/gems/1.8/gems/actionpack-2.3.5/lib/action_controller/benchmarking.rb:68:in `perform_action_without_rescue'
/var/lib/gems/1.8/gems/activesupport-2.3.5/lib/active_support/core_ext/benchmark.rb:17:in `ms'
/usr/lib/ruby/1.8/benchmark.rb:308:in `realtime'
/var/lib/gems/1.8/gems/activesupport-2.3.5/lib/active_support/core_ext/benchmark.rb:17:in `ms'
/var/lib/gems/1.8/gems/actionpack-2.3.5/lib/action_controller/benchmarking.rb:68:in `perform_action_without_rescue'
/var/lib/gems/1.8/gems/actionpack-2.3.5/lib/action_controller/rescue.rb:160:in `perform_action_without_flash'
/var/lib/gems/1.8/gems/actionpack-2.3.5/lib/action_controller/flash.rb:146:in `perform_action'
/var/lib/gems/1.8/gems/actionpack-2.3.5/lib/action_controller/base.rb:532:in `send'
/var/lib/gems/1.8/gems/actionpack-2.3.5/lib/action_controller/base.rb:532:in `process_without_filters'
/var/lib/gems/1.8/gems/actionpack-2.3.5/lib/action_controller/filters.rb:606:in `process'
/var/lib/gems/1.8/gems/actionpack-2.3.5/lib/action_controller/test_process.rb:567:in `process_with_test'
/var/lib/gems/1.8/gems/actionpack-2.3.5/lib/action_controller/test_process.rb:447:in `process'
/var/lib/gems/1.8/gems/actionpack-2.3.5/lib/action_controller/test_process.rb:398:in `get'
./test/functional/posts_controller_test.rb:5:in `test_should_get_index'
/var/lib/gems/1.8/gems/activesupport-2.3.5/lib/active_support/testing/setup_and_teardown.rb:62:in `__send__'
/var/lib/gems/1.8/gems/activesupport-2.3.5/lib/active_support/testing/setup_and_teardown.rb:62:in `run'
/usr/lib/ruby/1.8/test/unit/testsuite.rb:34:in `run'
/usr/lib/ruby/1.8/test/unit/testsuite.rb:33:in `each'
/usr/lib/ruby/1.8/test/unit/testsuite.rb:33:in `run'
/usr/lib/ruby/1.8/test/unit/testsuite.rb:34:in `run'
/usr/lib/ruby/1.8/test/unit/testsuite.rb:33:in `each'
/usr/lib/ruby/1.8/test/unit/testsuite.rb:33:in `run'
/usr/lib/ruby/1.8/test/unit/ui/testrunnermediator.rb:46:in `run_suite'
/usr/lib/ruby/1.8/test/unit/ui/console/testrunner.rb:67:in `start_mediator'
/usr/lib/ruby/1.8/test/unit/ui/console/testrunner.rb:41:in `start'
/usr/lib/ruby/1.8/test/unit/ui/testrunnerutilities.rb:29:in `run'
/usr/lib/ruby/1.8/test/unit/autorunner.rb:216:in `run'
/usr/lib/ruby/1.8/test/unit/autorunner.rb:12:in `run'
/usr/lib/ruby/1.8/test/unit.rb:278
/var/lib/gems/1.8/gems/rake-0.8.7/lib/rake/rake_test_loader.rb:5    </error>
  </testcase>
  <testcase time="0.005875" assertions="1" name="test_should_get_new">
  </testcase>
  <testcase time="0.004666" assertions="1" name="test_should_show_post">
  </testcase>
  <testcase time="0.00387" assertions="1" name="test_should_update_post">
  </testcase>
  <system-out>
    <![CDATA[]]>
  </system-out>
  <system-err>
    <![CDATA[]]>
  </system-err>
</testsuite>
